    +<test-vulnerability-alerts.sh:38 lib.sh:1059 create_repo()> local path=Gemfile.lock
    +<test-vulnerability-alerts.sh:38 lib.sh:1060 create_repo()> local 'contents=GEM
      remote: https://rubygems.org/
      specs:
        fake_lib (2.2.0)
        vulnerable_lib (1.8.2)
          fake_lib (~> 2.2.0)
    PLATFORMS
      ruby
    DEPENDENCIES
      nokogiri
    BUNDLED WITH
       2.6.3'
    +<test-vulnerability-alerts.sh:38 lib.sh:1061 create_repo()> local 'commit_msg=first commit'
    +<test-vulnerability-alerts.sh:38 lib.sh:1062 create_repo()> local enable_dependabot_alerts=true
    +<test-vulnerability-alerts.sh:38 lib.sh:1064 create_repo()> local repo_nwo=ghe-admin/enterprise2-Vb4nNE-new-public-vuln
    +<test-vulnerability-alerts.sh:38 lib.sh:1065 create_repo()> local api=https://ghe-admin:passworD1@codespaces-0a371d/api/v3
    +<test-vulnerability-alerts.sh:38 lib.sh:1066 create_repo()> local curlout
    ++<test-vulnerability-alerts.sh:38 lib.sh:1067 create_repo()> date +%N
    +<test-vulnerability-alerts.sh:38 lib.sh:1067 create_repo()> curlout=/tmp/enterprise2-Vb4nNE/curl-069788113.out
    +<test-vulnerability-alerts.sh:38 lib.sh:1069 create_repo()> create_empty_repo enterprise2-Vb4nNE-new-public-vuln ''
    +<lib.sh:1069 lib.sh:870 create_empty_repo()> local name=enterprise2-Vb4nNE-new-public-vuln
    +<lib.sh:1069 lib.sh:871 create_empty_repo()> local private=false
    +<lib.sh:1069 lib.sh:872 create_empty_repo()> local api=https://ghe-admin:passworD1@codespaces-0a371d/api/v3
    +<lib.sh:1069 lib.sh:873 create_empty_repo()> local curlout
    ++<lib.sh:1069 lib.sh:874 create_empty_repo()> date +%N
    +<lib.sh:1069 lib.sh:874 create_empty_repo()> curlout=/tmp/enterprise2-Vb4nNE/curl-076424333.out
    +<lib.sh:1069 lib.sh:875 create_empty_repo()> local json
    ++<lib.sh:1069 lib.sh:876 create_empty_repo()> jq -n --arg repo_name enterprise2-Vb4nNE-new-public-vuln --argjson repo_private false '{name: $repo_name, private: $repo_private}'
    +<lib.sh:1069 lib.sh:876 create_empty_repo()> json='{
      "name": "enterprise2-Vb4nNE-new-public-vuln",
      "private": false
    }'
    +<lib.sh:1069 lib.sh:877 create_empty_repo()> '[' -z '' ']'
    +<lib.sh:1069 lib.sh:879 create_empty_repo()> '[' -z enterprise2-Vb4nNE-new-public-vuln ']'
    ++<lib.sh:1069 lib.sh:891 create_empty_repo()> curl_with_retry https://ghe-admin:passworD1@codespaces-0a371d/api/v3/user/repos '201 Created' POST '{
      "name": "enterprise2-Vb4nNE-new-public-vuln",
      "private": false
    }'
    ++<lib.sh:891 lib.sh:814 curl_with_retry()> local url=https://ghe-admin:passworD1@codespaces-0a371d/api/v3/user/repos
    ++<lib.sh:891 lib.sh:815 curl_with_retry()> local 'expected_output=201 Created'
    ++<lib.sh:891 lib.sh:816 curl_with_retry()> local method=POST
    ++<lib.sh:891 lib.sh:817 curl_with_retry()> local 'payload={
      "name": "enterprise2-Vb4nNE-new-public-vuln",
      "private": false
    }'
    ++<lib.sh:891 lib.sh:818 curl_with_retry()> local retry_count=2
    ++<lib.sh:891 lib.sh:820 curl_with_retry()> local output_file
    +++<lib.sh:891 lib.sh:821 curl_with_retry()> mktemp -t -p /tmp/enterprise2-Vb4nNE curl-output-XXXX.out
    ++<lib.sh:891 lib.sh:821 curl_with_retry()> output_file=/tmp/enterprise2-Vb4nNE/curl-output-Wxoc.out
    ++<lib.sh:891 lib.sh:824 curl_with_retry()> curl --http1.1 -H Expect: -b /tmp/enterprise2-Vb4nNE/cookies -c /tmp/enterprise2-Vb4nNE/cookies -L -k -v -X POST -d '{
      "name": "enterprise2-Vb4nNE-new-public-vuln",
      "private": false
    }' https://ghe-admin:passworD1@codespaces-0a371d/api/v3/user/repos
    ++<lib.sh:891 lib.sh:827 curl_with_retry()> grep '201 Created' /tmp/enterprise2-Vb4nNE/curl-output-Wxoc.out
    ++<lib.sh:891 lib.sh:831 curl_with_retry()> local attempted_retries=0
    ++<lib.sh:891 lib.sh:833 curl_with_retry()> '[' 0 -lt 2 ']'
    ++<lib.sh:891 lib.sh:834 curl_with_retry()> sleep 1
    ++<lib.sh:891 lib.sh:836 curl_with_retry()> curl --http1.1 -H Expect: -b /tmp/enterprise2-Vb4nNE/cookies -c /tmp/enterprise2-Vb4nNE/cookies -L -k -v -X POST -d '{
      "name": "enterprise2-Vb4nNE-new-public-vuln",
      "private": false
    }' https://ghe-admin:passworD1@codespaces-0a371d/api/v3/user/repos
    ++<lib.sh:891 lib.sh:839 curl_with_retry()> grep '201 Created' /tmp/enterprise2-Vb4nNE/curl-output-Wxoc.out
    ++<lib.sh:891 lib.sh:843 curl_with_retry()> local attempted_retries=1
    ++<lib.sh:891 lib.sh:833 curl_with_retry()> '[' 1 -lt 2 ']'
    ++<lib.sh:891 lib.sh:834 curl_with_retry()> sleep 1
    ++<lib.sh:891 lib.sh:836 curl_with_retry()> curl --http1.1 -H Expect: -b /tmp/enterprise2-Vb4nNE/cookies -c /tmp/enterprise2-Vb4nNE/cookies -L -k -v -X POST -d '{
      "name": "enterprise2-Vb4nNE-new-public-vuln",
      "private": false
    }' https://ghe-admin:passworD1@codespaces-0a371d/api/v3/user/repos
    ++<lib.sh:891 lib.sh:839 curl_with_retry()> grep '201 Created' /tmp/enterprise2-Vb4nNE/curl-output-Wxoc.out
    ++<lib.sh:891 lib.sh:843 curl_with_retry()> local attempted_retries=2
    ++<lib.sh:891 lib.sh:833 curl_with_retry()> '[' 2 -lt 2 ']'
    ++<lib.sh:891 lib.sh:846 curl_with_retry()> cat /tmp/enterprise2-Vb4nNE/curl-output-Wxoc.out
    ++<lib.sh:891 lib.sh:847 curl_with_retry()> return 1
    +<lib.sh:1069 lib.sh:890 create_empty_repo()> curl_out='Note: Unnecessary use of -X or --request, POST is already inferred.
      % Total    % Received % Xferd  Average Speed   Time    Time     Time  Current
                                     Dload  Upload   Total   Spent    Left  Speed
  0     0    0     0    0     0      0      0 --:--:-- --:--:-- --:--:--     0*   Trying 127.0.0.1:443...
    * Connected to codespaces-0a371d (127.0.0.1) port 443 (#0)
    * ALPN, offering http/1.1
    * successfully set certificate verify locations:
    *  CAfile: /etc/ssl/certs/ca-certificates.crt
    *  CApath: /etc/ssl/certs
    } [5 bytes data]
    * TLSv1.3 (OUT), TLS handshake, Client hello (1):
    } [512 bytes data]
    * TLSv1.3 (IN), TLS handshake, Server hello (2):
    { [112 bytes data]
    * TLSv1.2 (IN), TLS handshake, Certificate (11):
    { [1549 bytes data]
    * TLSv1.2 (IN), TLS handshake, Server key exchange (12):
    { [556 bytes data]
    * TLSv1.2 (IN), TLS handshake, Server finished (14):
    { [4 bytes data]
    * TLSv1.2 (OUT), TLS handshake, Client key exchange (16):
    } [37 bytes data]
    * TLSv1.2 (OUT), TLS change cipher, Change cipher spec (1):
    } [1 bytes data]
    * TLSv1.2 (OUT), TLS handshake, Finished (20):
    } [16 bytes data]
    * TLSv1.2 (IN), TLS handshake, Finished (20):
    { [16 bytes data]
    * SSL connection using TLSv1.2 / ECDHE-RSA-AES256-GCM-SHA384
    * ALPN, server accepted to use http/1.1
    * Server certificate:
    *  subject: C=US; ST=Washington-State; O=GitHub; OU=Build and Test department; CN=ghe.localhost
    *  start date: Mar 20 19:36:08 2024 GMT
    *  expire date: Mar 20 19:36:08 2026 GMT
    *  issuer: C=US; ST=Washington-State; O=GitHub; OU=Build and Test department; CN=GHES local CA
    *  SSL certificate verify result: unable to get local issuer certificate (20), continuing anyway.
    * Server auth using Basic with user '\''ghe-admin'\''
    } [5 bytes data]
    > POST /api/v3/user/repos HTTP/1.1
    > Host: codespaces-0a371d
    > Authorization: Basic Z2hlLWFkbWluOnBhc3N3b3JEMQ==
    > User-Agent: curl/7.74.0
    > Accept: */*
    > Content-Length: 70
    > Content-Type: application/x-www-form-urlencoded
    > 
    } [70 bytes data]
    * upload completely sent off: 70 out of 70 bytes
100    70    0     0  100    70      0      1  0:01:10  0:00:59  0:00:11     0{ [5 bytes data]
    * Mark bundle as not supporting multiuse
    < HTTP/1.1 504 Gateway Time-out
    < Server: nginx/1.18.0 (Ubuntu)
    < Date: Tue, 15 Apr 2025 19:19:41 GMT
    < Content-Type: text/html
    < Content-Length: 176
    < Connection: keep-alive
    < 
    { [176 bytes data]
100   246  100   176  100    70      2      1  0:01:28  0:01:00  0:00:28    46
    * Connection #0 to host codespaces-0a371d left intact
    <html>
    <head><title>504 Gateway Time-out</title></head>
    <body>
    <center><h1>504 Gateway Time-out</h1></center>
    <hr><center>nginx/1.18.0 (Ubuntu)</center>
    </body>
    </html>
    Note: Unnecessary use of -X or --request, POST is already inferred.
      % Total    % Received % Xferd  Average Speed   Time    Time     Time  Current
                                     Dload  Upload   Total   Spent    Left  Speed
  0     0    0     0    0     0      0      0 --:--:-- --:--:-- --:--:--     0*   Trying 127.0.0.1:443...
    * Connected to codespaces-0a371d (127.0.0.1) port 443 (#0)
    * ALPN, offering http/1.1
    * successfully set certificate verify locations:
    *  CAfile: /etc/ssl/certs/ca-certificates.crt
    *  CApath: /etc/ssl/certs
    } [5 bytes data]
    * TLSv1.3 (OUT), TLS handshake, Client hello (1):
    } [512 bytes data]
    * TLSv1.3 (IN), TLS handshake, Server hello (2):
    { [112 bytes data]
    * TLSv1.2 (IN), TLS handshake, Certificate (11):
    { [1549 bytes data]
    * TLSv1.2 (IN), TLS handshake, Server key exchange (12):
    { [556 bytes data]
    * TLSv1.2 (IN), TLS handshake, Server finished (14):
    { [4 bytes data]
    * TLSv1.2 (OUT), TLS handshake, Client key exchange (16):
    } [37 bytes data]
    * TLSv1.2 (OUT), TLS change cipher, Change cipher spec (1):
    } [1 bytes data]
    * TLSv1.2 (OUT), TLS handshake, Finished (20):
    } [16 bytes data]
    * TLSv1.2 (IN), TLS handshake, Finished (20):
    { [16 bytes data]
    * SSL connection using TLSv1.2 / ECDHE-RSA-AES256-GCM-SHA384
    * ALPN, server accepted to use http/1.1
    * Server certificate:
    *  subject: C=US; ST=Washington-State; O=GitHub; OU=Build and Test department; CN=ghe.localhost
    *  start date: Mar 20 19:36:08 2024 GMT
    *  expire date: Mar 20 19:36:08 2026 GMT
    *  issuer: C=US; ST=Washington-State; O=GitHub; OU=Build and Test department; CN=GHES local CA
    *  SSL certificate verify result: unable to get local issuer certificate (20), continuing anyway.
    * Server auth using Basic with user '\''ghe-admin'\''
    } [5 bytes data]
    > POST /api/v3/user/repos HTTP/1.1
    > Host: codespaces-0a371d
    > Authorization: Basic Z2hlLWFkbWluOnBhc3N3b3JEMQ==
    > User-Agent: curl/7.74.0
    > Accept: */*
    > Content-Length: 70
    > Content-Type: application/x-www-form-urlencoded
    > 
    } [70 bytes data]
    * upload completely sent off: 70 out of 70 bytes
100    70    0     0  100    70      0      1  0:01:10  0:00:59  0:00:11     0{ [5 bytes data]
    * Mark bundle as not supporting multiuse
    < HTTP/1.1 504 Gateway Time-out
    < Server: nginx/1.18.0 (Ubuntu)
    < Date: Tue, 15 Apr 2025 19:20:42 GMT
    < Content-Type: text/html
    < Content-Length: 176
    < Connection: keep-alive
    < 
    { [176 bytes data]
100   246  100   176  100    70      2      1  0:01:28  0:01:00  0:00:28    46
    * Connection #0 to host codespaces-0a371d left intact
    <html>
    <head><title>504 Gateway Time-out</title></head>
    <body>
    <center><h1>504 Gateway Time-out</h1></center>
    <hr><center>nginx/1.18.0 (Ubuntu)</center>
    </body>
    </html>
    Note: Unnecessary use of -X or --request, POST is already inferred.
      % Total    % Received % Xferd  Average Speed   Time    Time     Time  Current
                                     Dload  Upload   Total   Spent    Left  Speed
  0     0    0     0    0     0      0      0 --:--:-- --:--:-- --:--:--     0*   Trying 127.0.0.1:443...
    * Connected to codespaces-0a371d (127.0.0.1) port 443 (#0)
    * ALPN, offering http/1.1
    * successfully set certificate verify locations:
    *  CAfile: /etc/ssl/certs/ca-certificates.crt
    *  CApath: /etc/ssl/certs
    } [5 bytes data]
    * TLSv1.3 (OUT), TLS handshake, Client hello (1):
    } [512 bytes data]
    * TLSv1.3 (IN), TLS handshake, Server hello (2):
    { [112 bytes data]
    * TLSv1.2 (IN), TLS handshake, Certificate (11):
    { [1549 bytes data]
    * TLSv1.2 (IN), TLS handshake, Server key exchange (12):
    { [556 bytes data]
    * TLSv1.2 (IN), TLS handshake, Server finished (14):
    { [4 bytes data]
    * TLSv1.2 (OUT), TLS handshake, Client key exchange (16):
    } [37 bytes data]
    * TLSv1.2 (OUT), TLS change cipher, Change cipher spec (1):
    } [1 bytes data]
    * TLSv1.2 (OUT), TLS handshake, Finished (20):
    } [16 bytes data]
    * TLSv1.2 (IN), TLS handshake, Finished (20):
    { [16 bytes data]
    * SSL connection using TLSv1.2 / ECDHE-RSA-AES256-GCM-SHA384
    * ALPN, server accepted to use http/1.1
    * Server certificate:
    *  subject: C=US; ST=Washington-State; O=GitHub; OU=Build and Test department; CN=ghe.localhost
    *  start date: Mar 20 19:36:08 2024 GMT
    *  expire date: Mar 20 19:36:08 2026 GMT
    *  issuer: C=US; ST=Washington-State; O=GitHub; OU=Build and Test department; CN=GHES local CA
    *  SSL certificate verify result: unable to get local issuer certificate (20), continuing anyway.
    * Server auth using Basic with user '\''ghe-admin'\''
    } [5 bytes data]
    > POST /api/v3/user/repos HTTP/1.1
    > Host: codespaces-0a371d
    > Authorization: Basic Z2hlLWFkbWluOnBhc3N3b3JEMQ==
    > User-Agent: curl/7.74.0
    > Accept: */*
    > Content-Length: 70
    > Content-Type: application/x-www-form-urlencoded
    > 
    } [70 bytes data]
    * upload completely sent off: 70 out of 70 bytes
100    70    0     0  100    70      0      1  0:01:10  0:00:59  0:00:11     0{ [5 bytes data]
    * Mark bundle as not supporting multiuse
    < HTTP/1.1 504 Gateway Time-out
    < Server: nginx/1.18.0 (Ubuntu)
    < Date: Tue, 15 Apr 2025 19:21:43 GMT
    < Content-Type: text/html
    < Content-Length: 176
    < Connection: keep-alive
    < 
    { [176 bytes data]
100   246  100   176  100    70      2      1  0:01:28  0:01:00  0:00:28    36
    * Connection #0 to host codespaces-0a371d left intact
    <html>
    <head><title>504 Gateway Time-out</title></head>
    <body>
    <center><h1>504 Gateway Time-out</h1></center>
    <hr><center>nginx/1.18.0 (Ubuntu)</center>
    </body>
'   </html>
    +<lib.sh:1069 lib.sh:891 create_empty_repo()> echo 'Failed to create repository enterprise2-Vb4nNE-new-public-vuln'
    Failed to create repository enterprise2-Vb4nNE-new-public-vuln
    +<lib.sh:1069 lib.sh:892 create_empty_repo()> cat Note: Unnecessary use of -X or --request, POST is already inferred. % Total % Received % Xferd Average Speed Time Time Time Current Dload Upload Total Spent Left Speed $'\r' 0 0 0 0 0 0 0 0 --:--:-- --:--:-- --:--:-- '0*' Trying 127.0.0.1:443... cookies curl-depgraphlink.out curl-output-6CP0.out curl-output-Wxoc.out github-curl.out mbwait.out outgaUaDU test-location-eWRn4SN.out test-location-hB8fBvg.out test-location-o6Gv60s.out test-location-poAVPD3.out test-location-zyAe1R5.out test-message-bDjhZ0p.out test-message-meiuCLo.out test-message-wWBW6Ah.out test-message-XSPGAQo.out test-message-Y5PHIof.out Connected to codespaces-0a371d '(127.0.0.1)' port 443 '(#0)' cookies curl-depgraphlink.out curl-output-6CP0.out curl-output-Wxoc.out github-curl.out mbwait.out outgaUaDU test-location-eWRn4SN.out test-location-hB8fBvg.out test-location-o6Gv60s.out test-location-poAVPD3.out test-location-zyAe1R5.out test-message-bDjhZ0p.out test-message-meiuCLo.out test-message-wWBW6Ah.out test-message-XSPGAQo.out test-message-Y5PHIof.out ALPN, offering http/1.1 cookies curl-depgraphlink.out curl-output-6CP0.out curl-output-Wxoc.out github-curl.out mbwait.out outgaUaDU test-location-eWRn4SN.out test-location-hB8fBvg.out test-location-o6Gv60s.out test-location-poAVPD3.out test-location-zyAe1R5.out test-message-bDjhZ0p.out test-message-meiuCLo.out test-message-wWBW6Ah.out test-message-XSPGAQo.out test-message-Y5PHIof.out successfully set certificate verify locations: cookies curl-depgraphlink.out curl-output-6CP0.out curl-output-Wxoc.out github-curl.out mbwait.out outgaUaDU test-location-eWRn4SN.out test-location-hB8fBvg.out test-location-o6Gv60s.out test-location-poAVPD3.out test-location-zyAe1R5.out test-message-bDjhZ0p.out test-message-meiuCLo.out test-message-wWBW6Ah.out test-message-XSPGAQo.out test-message-Y5PHIof.out CAfile: /etc/ssl/certs/ca-certificates.crt cookies curl-depgraphlink.out curl-output-6CP0.out curl-output-Wxoc.out github-curl.out mbwait.out outgaUaDU test-location-eWRn4SN.out test-location-hB8fBvg.out test-location-o6Gv60s.out test-location-poAVPD3.out test-location-zyAe1R5.out test-message-bDjhZ0p.out test-message-meiuCLo.out test-message-wWBW6Ah.out test-message-XSPGAQo.out test-message-Y5PHIof.out CApath: /etc/ssl/certs '}' '[5' bytes 'data]' cookies curl-depgraphlink.out curl-output-6CP0.out curl-output-Wxoc.out github-curl.out mbwait.out outgaUaDU test-location-eWRn4SN.out test-location-hB8fBvg.out test-location-o6Gv60s.out test-location-poAVPD3.out test-location-zyAe1R5.out test-message-bDjhZ0p.out test-message-meiuCLo.out test-message-wWBW6Ah.out test-message-XSPGAQo.out test-message-Y5PHIof.out TLSv1.3 '(OUT),' TLS handshake, Client hello '(1):' '}' '[512' bytes 'data]' cookies curl-depgraphlink.out curl-output-6CP0.out curl-output-Wxoc.out github-curl.out mbwait.out outgaUaDU test-location-eWRn4SN.out test-location-hB8fBvg.out test-location-o6Gv60s.out test-location-poAVPD3.out test-location-zyAe1R5.out test-message-bDjhZ0p.out test-message-meiuCLo.out test-message-wWBW6Ah.out test-message-XSPGAQo.out test-message-Y5PHIof.out TLSv1.3 '(IN),' TLS handshake, Server hello '(2):' '{' '[112' bytes 'data]' cookies curl-depgraphlink.out curl-output-6CP0.out curl-output-Wxoc.out github-curl.out mbwait.out outgaUaDU test-location-eWRn4SN.out test-location-hB8fBvg.out test-location-o6Gv60s.out test-location-poAVPD3.out test-location-zyAe1R5.out test-message-bDjhZ0p.out test-message-meiuCLo.out test-message-wWBW6Ah.out test-message-XSPGAQo.out test-message-Y5PHIof.out TLSv1.2 '(IN),' TLS handshake, Certificate '(11):' '{' '[1549' bytes 'data]' cookies curl-depgraphlink.out curl-output-6CP0.out curl-output-Wxoc.out github-curl.out mbwait.out outgaUaDU test-location-eWRn4SN.out test-location-hB8fBvg.out test-location-o6Gv60s.out test-location-poAVPD3.out test-location-zyAe1R5.out test-message-bDjhZ0p.out test-message-meiuCLo.out test-message-wWBW6Ah.out test-message-XSPGAQo.out test-message-Y5PHIof.out TLSv1.2 '(IN),' TLS handshake, Server key exchange '(12):' '{' '[556' bytes 'data]' cookies curl-depgraphlink.out curl-output-6CP0.out curl-output-Wxoc.out github-curl.out mbwait.out outgaUaDU test-location-eWRn4SN.out test-location-hB8fBvg.out test-location-o6Gv60s.out test-location-poAVPD3.out test-location-zyAe1R5.out test-message-bDjhZ0p.out test-message-meiuCLo.out test-message-wWBW6Ah.out test-message-XSPGAQo.out test-message-Y5PHIof.out TLSv1.2 '(IN),' TLS handshake, Server finished '(14):' '{' '[4' bytes 'data]' cookies curl-depgraphlink.out curl-output-6CP0.out curl-output-Wxoc.out github-curl.out mbwait.out outgaUaDU test-location-eWRn4SN.out test-location-hB8fBvg.out test-location-o6Gv60s.out test-location-poAVPD3.out test-location-zyAe1R5.out test-message-bDjhZ0p.out test-message-meiuCLo.out test-message-wWBW6Ah.out test-message-XSPGAQo.out test-message-Y5PHIof.out TLSv1.2 '(OUT),' TLS handshake, Client key exchange '(16):' '}' '[37' bytes 'data]' cookies curl-depgraphlink.out curl-output-6CP0.out curl-output-Wxoc.out github-curl.out mbwait.out outgaUaDU test-location-eWRn4SN.out test-location-hB8fBvg.out test-location-o6Gv60s.out test-location-poAVPD3.out test-location-zyAe1R5.out test-message-bDjhZ0p.out test-message-meiuCLo.out test-message-wWBW6Ah.out test-message-XSPGAQo.out test-message-Y5PHIof.out TLSv1.2 '(OUT),' TLS change cipher, Change cipher spec '(1):' '}' '[1' bytes 'data]' cookies curl-depgraphlink.out curl-output-6CP0.out curl-output-Wxoc.out github-curl.out mbwait.out outgaUaDU test-location-eWRn4SN.out test-location-hB8fBvg.out test-location-o6Gv60s.out test-location-poAVPD3.out test-location-zyAe1R5.out test-message-bDjhZ0p.out test-message-meiuCLo.out test-message-wWBW6Ah.out test-message-XSPGAQo.out test-message-Y5PHIof.out TLSv1.2 '(OUT),' TLS handshake, Finished '(20):' '}' '[16' bytes 'data]' cookies curl-depgraphlink.out curl-output-6CP0.out curl-output-Wxoc.out github-curl.out mbwait.out outgaUaDU test-location-eWRn4SN.out test-location-hB8fBvg.out test-location-o6Gv60s.out test-location-poAVPD3.out test-location-zyAe1R5.out test-message-bDjhZ0p.out test-message-meiuCLo.out test-message-wWBW6Ah.out test-message-XSPGAQo.out test-message-Y5PHIof.out TLSv1.2 '(IN),' TLS handshake, Finished '(20):' '{' '[16' bytes 'data]' cookies curl-depgraphlink.out curl-output-6CP0.out curl-output-Wxoc.out github-curl.out mbwait.out outgaUaDU test-location-eWRn4SN.out test-location-hB8fBvg.out test-location-o6Gv60s.out test-location-poAVPD3.out test-location-zyAe1R5.out test-message-bDjhZ0p.out test-message-meiuCLo.out test-message-wWBW6Ah.out test-message-XSPGAQo.out test-message-Y5PHIof.out SSL connection using TLSv1.2 / ECDHE-RSA-AES256-GCM-SHA384 cookies curl-depgraphlink.out curl-output-6CP0.out curl-output-Wxoc.out github-curl.out mbwait.out outgaUaDU test-location-eWRn4SN.out test-location-hB8fBvg.out test-location-o6Gv60s.out test-location-poAVPD3.out test-location-zyAe1R5.out test-message-bDjhZ0p.out test-message-meiuCLo.out test-message-wWBW6Ah.out test-message-XSPGAQo.out test-message-Y5PHIof.out ALPN, server accepted to use http/1.1 cookies curl-depgraphlink.out curl-output-6CP0.out curl-output-Wxoc.out github-curl.out mbwait.out outgaUaDU test-location-eWRn4SN.out test-location-hB8fBvg.out test-location-o6Gv60s.out test-location-poAVPD3.out test-location-zyAe1R5.out test-message-bDjhZ0p.out test-message-meiuCLo.out test-message-wWBW6Ah.out test-message-XSPGAQo.out test-message-Y5PHIof.out Server certificate: cookies curl-depgraphlink.out curl-output-6CP0.out curl-output-Wxoc.out github-curl.out mbwait.out outgaUaDU test-location-eWRn4SN.out test-location-hB8fBvg.out test-location-o6Gv60s.out test-location-poAVPD3.out test-location-zyAe1R5.out test-message-bDjhZ0p.out test-message-meiuCLo.out test-message-wWBW6Ah.out test-message-XSPGAQo.out test-message-Y5PHIof.out subject: 'C=US;' 'ST=Washington-State;' 'O=GitHub;' OU=Build and Test 'department;' CN=ghe.localhost cookies curl-depgraphlink.out curl-output-6CP0.out curl-output-Wxoc.out github-curl.out mbwait.out outgaUaDU test-location-eWRn4SN.out test-location-hB8fBvg.out test-location-o6Gv60s.out test-location-poAVPD3.out test-location-zyAe1R5.out test-message-bDjhZ0p.out test-message-meiuCLo.out test-message-wWBW6Ah.out test-message-XSPGAQo.out test-message-Y5PHIof.out start date: Mar 20 19:36:08 2024 GMT cookies curl-depgraphlink.out curl-output-6CP0.out curl-output-Wxoc.out github-curl.out mbwait.out outgaUaDU test-location-eWRn4SN.out test-location-hB8fBvg.out test-location-o6Gv60s.out test-location-poAVPD3.out test-location-zyAe1R5.out test-message-bDjhZ0p.out test-message-meiuCLo.out test-message-wWBW6Ah.out test-message-XSPGAQo.out test-message-Y5PHIof.out expire date: Mar 20 19:36:08 2026 GMT cookies curl-depgraphlink.out curl-output-6CP0.out curl-output-Wxoc.out github-curl.out mbwait.out outgaUaDU test-location-eWRn4SN.out test-location-hB8fBvg.out test-location-o6Gv60s.out test-location-poAVPD3.out test-location-zyAe1R5.out test-message-bDjhZ0p.out test-message-meiuCLo.out test-message-wWBW6Ah.out test-message-XSPGAQo.out test-message-Y5PHIof.out issuer: 'C=US;' 'ST=Washington-State;' 'O=GitHub;' OU=Build and Test 'department;' CN=GHES local CA cookies curl-depgraphlink.out curl-output-6CP0.out curl-output-Wxoc.out github-curl.out mbwait.out outgaUaDU test-location-eWRn4SN.out test-location-hB8fBvg.out test-location-o6Gv60s.out test-location-poAVPD3.out test-location-zyAe1R5.out test-message-bDjhZ0p.out test-message-meiuCLo.out test-message-wWBW6Ah.out test-message-XSPGAQo.out test-message-Y5PHIof.out SSL certificate verify result: unable to get local issuer certificate '(20),' continuing anyway. cookies curl-depgraphlink.out curl-output-6CP0.out curl-output-Wxoc.out github-curl.out mbwait.out outgaUaDU test-location-eWRn4SN.out test-location-hB8fBvg.out test-location-o6Gv60s.out test-location-poAVPD3.out test-location-zyAe1R5.out test-message-bDjhZ0p.out test-message-meiuCLo.out test-message-wWBW6Ah.out test-message-XSPGAQo.out test-message-Y5PHIof.out Server auth using Basic with user ''\''ghe-admin'\''' '}' '[5' bytes 'data]' '>' POST /api/v3/user' '>' Content-Length: $'70\r' '>' Content-Type: $'application/x-www-form-urlencoded\r' '>' $'\r' '}' '[70' bytes 'data]' cookies curl-depgraphlink.out curl-output-6CP0.out curl-output-Wxoc.out github-curl.out mbwait.out outgaUaDU test-location-eWRn4SN.out test-location-hB8fBvg.out test-location-o6Gv60s.out test-location-poAVPD3.out test-location-zyAe1R5.out test-message-bDjhZ0p.out test-message-meiuCLo.out test-message-wWBW6Ah.out test-message-XSPGAQo.out test-message-Y5PHIof.out upload completely sent off: 70 out of 70 bytes $'\r100' 70 0 0 100 70 0 58 0:00:01 0:00:01 --:--:-- $'58\r100' 70 0 0 100 70 0 31 0:00:02 0:00:02 --:--:-- $'31\r100' 70 0 0 100 70 0 21 0:00:03 0:00:03 --:--:-- $'21\r100' 70 0 0 100 70 0 16 0:00:04 0:00:04 --:--:-- $'16\r100' 70 0 0 100 70 0 13 0:00:05 0:00:05 --:--:-- $'13\r100' 70 0 0 100 70 0 11 0:00:06 0:00:06 --:--:-- $'0\r100' 70 0 0 100 70 0 9 0:00:07 0:00:07 --:--:-- $'0\r100' 70 0 0 100 70 0 8 0:00:08 0:00:08 --:--:-- $'0\r100' 70 0 0 100 70 0 7 0:00:10 0:00:09 0:00:01 $'0\r100' 70 0 0 100 70 0 6 0:00:11 0:00:10 0:00:01 $'0\r100' 70 0 0 100 70 0 6 0:00:11 0:00:11 --:--:-- $'0\r100' 70 0 0 100 70 0 5 0:00:14 0:00:12 0:00:02 $'0\r100' 70 0 0 100 70 0 5 0:00:14 0:00:13 0:00:01 $'0\r100' 70 0 0 100 70 0 4 0:00:17 0:00:14 0:00:03 $'0\r100' 70 0 0 100 70 0 4 0:00:17 0:00:15 0:00:02 $'0\r100' 70 0 0 100 70 0 4 0:00:17 0:00:16 0:00:01 $'0\r100' 70 0 0 100 70 0 4 0:00:17 0:00:17 --:--:-- $'0\r100' 70 0 0 100 70 0 3 0:00:23 0:00:18 0:00:05 $'0\r100' 70 0 0 100 70 0 3 0:00:23 0:00:19 0:00:04 $'0\r100' 70 0 0 100 70 0 3 0:00:23 0:00:20 0:00:03 $'0\r100' 70 0 0 100 70 0 3 0:00:23 0:00:21 0:00:02 $'0\r100' 70 0 0 100 70 0 3 0:00:23 0:00:22 0:00:01 $'0\r100' 70 0 0 100 70 0 3 0:00:23 0:00:23 --:--:-- $'0\r100' 70 0 0 100 70 0 2 0:00:35 0:00:24 0:00:11 $'0\r100' 70 0 0 100 70 0 2 0:00:35 0:00:25 0:00:10 $'0\r100' 70 0 0 100 70 0 2 0:00:35 0:00:26 0:00:09 $'0\r100' 70 0 0 100 70 0 2 0:00:35 0:00:27 0:00:08 $'0\r100' 70 0 0 100 70 0 2 0:00:35 0:00:28 0:00:07 $'0\r100' 70 0 0 100 70 0 2 0:00:35 0:00:29 0:00:06 $'0\r100' 70 0 0 100 70 0 2 0:00:35 0:00:30 0:00:05 $'0\r100' 70 0 0 100 70 0 2 0:00:35 0:00:31 0:00:04 $'0\r100' 70 0 0 100 70 0 2 0:00:35 0:00:32 0:00:03 $'0\r100' 70 0 0 100 70 0 2 0:00:35 0:00:33 0:00:02 $'0\r100' 70 0 0 100 70 0 2 0:00:35 0:00:34 0:00:01 $'0\r100' 70 0 0 100 70 0 1 0:01:10 0:00:35 0:00:35 $'0\r100' 70 0 0 100 70 0 1 0:01:10 0:00:36 0:00:34 $'0\r100' 70 0 0 100 70 0 1 0:01:10 0:00:37 0:00:33 $'0\r100' 70 0 0 100 70 0 1 0:01:10 0:00:38 0:00:32 $'0\r100' 70 0 0 100 70 0 1 0:01:10 0:00:39 0:00:31 $'0\r100' 70 0 0 100 70 0 1 0:01:10 0:00:40 0:00:30 $'0\r100' 70 0 0 100 70 0 1 0:01:10 0:00:41 0:00:29 $'0\r100' 70 0 0 100 70 0 1 0:01:10 0:00:42 0:00:28 $'0\r100' 70 0 0 100 70 0 1 0:01:10 0:00:43 0:00:27 $'0\r100' 70 0 0 100 70 0 1 0:01:10 0:00:44 0:00:26 $'0\r100' 70 0 0 100 70 0 1 0:01:10 0:00:45 0:00:25 $'0\r100' 70 0 0 100 70 0 1 0:01:10 0:00:46 0:00:24 $'0\r100' 70 0 0 100 70 0 1 0:01:10 0:00:47 0:00:23 $'0\r100' 70 0 0 100 70 0 1 0:01:10 0:00:48 0:00:22 $'0\r100' 70 0 0 100 70 0 1 0:01:10 0:00:49 0:00:21 $'0\r100' 70 0 0 100 70 0 1 0:01:10 0:00:50 0:00:20 $'0\r100' 70 0 0 100 70 0 1 0:01:10 0:00:51 0:00:19 $'0\r100' 70 0 0 100 70 0 1 0:01:10 0:00:52 0:00:18 $'0\r100' 70 0 0 100 70 0 1 0:01:10 0:00:53 0:00:17 $'0\r100' 70 0 0 100 70 0 1 0:01:10 0:00:54 0:00:16 $'0\r100' 70 0 0 100 70 0 1 0:01:10 0:00:55 0:00:15 $'0\r100' 70 0 0 100 70 0 1 0:01:10 0:00:56 0:00:14 $'0\r100' 70 0 0 100 70 0 1 0:01:10 0:00:57 0:00:13 $'0\r100' 70 0 0 100 70 0 1 0:01:10 0:00:58 0:00:12 $'0\r100' 70 0 0 100 70 0 1 0:01:10 0:00:59 0:00:11 '0{' '[5' bytes 'data]' cookies curl-depgraphlink.out curl-output-6CP0.out curl-output-Wxoc.out github-curl.out mbwait.out outgaUaDU test-location-eWRn4SN.out test-location-hB8fBvg.out test-location-o6Gv60s.out test-location-poAVPD3.out test-location-zyAe1R5.out test-message-bDjhZ0p.out test-message-meiuCLo.out test-message-wWBW6Ah.out test-message-XSPGAQo.out test-message-Y5PHIof.out' '<' Date: Tue, 15 Apr 2025 19:19:41 $'GMT\r' '<' Content-Type: $'text/html\r' '<' Content-Length: $'176\r' '<' Connection: $'keep-alive\r' '<' $'\r' '{' '[176' bytes 'data]' $'\r100' 246 100 176 100 70 2 1 0:01:28 0:01:00 0:00:28 $'36\r100' 246 100 176 100 70 2 1 0:01:28 0:01:00 0:00:28 46 cookies curl-depgraphlink.out curl-output-6CP0.out curl-output-Wxoc.out github-curl.out mbwait.out outgaUaDU test-location-eWRn4SN.out test-location-hB8fBvg.out test-location-o6Gv60s.out test-location-poAVPD3.out test-location-zyAe1R5.out test-message-bDjhZ0p.out test-message-meiuCLo.out test-message-wWBW6Ah.out test-message-XSPGAQo.out test-message-Y5PHIof.out Connection ' Note: Unnecessary use of -X or --request, POST is already inferred. % Total % Received % Xferd Average Speed Time Time Time Current Dload Upload Total Spent Left Speed $'\r' 0 0 0 0 0 0 0 0 --:--:-- --:--:-- --:--:-- '0*' Trying 127.0.0.1:443... cookies curl-depgraphlink.out curl-output-6CP0.out curl-output-Wxoc.out github-curl.out mbwait.out outgaUaDU test-location-eWRn4SN.out test-location-hB8fBvg.out test-location-o6Gv60s.out test-location-poAVPD3.out test-location-zyAe1R5.out test-message-bDjhZ0p.out test-message-meiuCLo.out test-message-wWBW6Ah.out test-message-XSPGAQo.out test-message-Y5PHIof.out Connected to codespaces-0a371d '(127.0.0.1)' port 443 '(#0)' cookies curl-depgraphlink.out curl-output-6CP0.out curl-output-Wxoc.out github-curl.out mbwait.out outgaUaDU test-location-eWRn4SN.out test-location-hB8fBvg.out test-location-o6Gv60s.out test-location-poAVPD3.out test-location-zyAe1R5.out test-message-bDjhZ0p.out test-message-meiuCLo.out test-message-wWBW6Ah.out test-message-XSPGAQo.out test-message-Y5PHIof.out ALPN, offering http/1.1 cookies curl-depgraphlink.out curl-output-6CP0.out curl-output-Wxoc.out github-curl.out mbwait.out outgaUaDU test-location-eWRn4SN.out test-location-hB8fBvg.out test-location-o6Gv60s.out test-location-poAVPD3.out test-location-zyAe1R5.out test-message-bDjhZ0p.out test-message-meiuCLo.out test-message-wWBW6Ah.out test-message-XSPGAQo.out test-message-Y5PHIof.out successfully set certificate verify locations: cookies curl-depgraphlink.out curl-output-6CP0.out curl-output-Wxoc.out github-curl.out mbwait.out outgaUaDU test-location-eWRn4SN.out test-location-hB8fBvg.out test-location-o6Gv60s.out test-location-poAVPD3.out test-location-zyAe1R5.out test-message-bDjhZ0p.out test-message-meiuCLo.out test-message-wWBW6Ah.out test-message-XSPGAQo.out test-message-Y5PHIof.out CAfile: /etc/ssl/certs/ca-certificates.crt cookies curl-depgraphlink.out curl-output-6CP0.out curl-output-Wxoc.out github-curl.out mbwait.out outgaUaDU test-location-eWRn4SN.out test-location-hB8fBvg.out test-location-o6Gv60s.out test-location-poAVPD3.out test-location-zyAe1R5.out test-message-bDjhZ0p.out test-message-meiuCLo.out test-message-wWBW6Ah.out test-message-XSPGAQo.out test-message-Y5PHIof.out CApath: /etc/ssl/certs '}' '[5' bytes 'data]' cookies curl-depgraphlink.out curl-output-6CP0.out curl-output-Wxoc.out github-curl.out mbwait.out outgaUaDU test-location-eWRn4SN.out test-location-hB8fBvg.out test-location-o6Gv60s.out test-location-poAVPD3.out test-location-zyAe1R5.out test-message-bDjhZ0p.out test-message-meiuCLo.out test-message-wWBW6Ah.out test-message-XSPGAQo.out test-message-Y5PHIof.out TLSv1.3 '(OUT),' TLS handshake, Client hello '(1):' '}' '[512' bytes 'data]' cookies curl-depgraphlink.out curl-output-6CP0.out curl-output-Wxoc.out github-curl.out mbwait.out outgaUaDU test-location-eWRn4SN.out test-location-hB8fBvg.out test-location-o6Gv60s.out test-location-poAVPD3.out test-location-zyAe1R5.out test-message-bDjhZ0p.out test-message-meiuCLo.out test-message-wWBW6Ah.out test-message-XSPGAQo.out test-message-Y5PHIof.out TLSv1.3 '(IN),' TLS handshake, Server hello '(2):' '{' '[112' bytes 'data]' cookies curl-depgraphlink.out curl-output-6CP0.out curl-output-Wxoc.out github-curl.out mbwait.out outgaUaDU test-location-eWRn4SN.out test-location-hB8fBvg.out test-location-o6Gv60s.out test-location-poAVPD3.out test-location-zyAe1R5.out test-message-bDjhZ0p.out test-message-meiuCLo.out test-message-wWBW6Ah.out test-message-XSPGAQo.out test-message-Y5PHIof.out TLSv1.2 '(IN),' TLS handshake, Certificate '(11):' '{' '[1549' bytes 'data]' cookies curl-depgraphlink.out curl-output-6CP0.out curl-output-Wxoc.out github-curl.out mbwait.out outgaUaDU test-location-eWRn4SN.out test-location-hB8fBvg.out test-location-o6Gv60s.out test-location-poAVPD3.out test-location-zyAe1R5.out test-message-bDjhZ0p.out test-message-meiuCLo.out test-message-wWBW6Ah.out test-message-XSPGAQo.out test-message-Y5PHIof.out TLSv1.2 '(IN),' TLS handshake, Server key exchange '(12):' '{' '[556' bytes 'data]' cookies curl-depgraphlink.out curl-output-6CP0.out curl-output-Wxoc.out github-curl.out mbwait.out outgaUaDU test-location-eWRn4SN.out test-location-hB8fBvg.out test-location-o6Gv60s.out test-location-poAVPD3.out test-location-zyAe1R5.out test-message-bDjhZ0p.out test-message-meiuCLo.out test-message-wWBW6Ah.out test-message-XSPGAQo.out test-message-Y5PHIof.out TLSv1.2 '(IN),' TLS handshake, Server finished '(14):' '{' '[4' bytes 'data]' cookies curl-depgraphlink.out curl-output-6CP0.out curl-output-Wxoc.out github-curl.out mbwait.out outgaUaDU test-location-eWRn4SN.out test-location-hB8fBvg.out test-location-o6Gv60s.out test-location-poAVPD3.out test-location-zyAe1R5.out test-message-bDjhZ0p.out test-message-meiuCLo.out test-message-wWBW6Ah.out test-message-XSPGAQo.out test-message-Y5PHIof.out TLSv1.2 '(OUT),' TLS handshake, Client key exchange '(16):' '}' '[37' bytes 'data]' cookies curl-depgraphlink.out curl-output-6CP0.out curl-output-Wxoc.out github-curl.out mbwait.out outgaUaDU test-location-eWRn4SN.out test-location-hB8fBvg.out test-location-o6Gv60s.out test-location-poAVPD3.out test-location-zyAe1R5.out test-message-bDjhZ0p.out test-message-meiuCLo.out test-message-wWBW6Ah.out test-message-XSPGAQo.out test-message-Y5PHIof.out TLSv1.2 '(OUT),' TLS change cipher, Change cipher spec '(1):' '}' '[1' bytes 'data]' cookies curl-depgraphlink.out curl-output-6CP0.out curl-output-Wxoc.out github-curl.out mbwait.out outgaUaDU test-location-eWRn4SN.out test-location-hB8fBvg.out test-location-o6Gv60s.out test-location-poAVPD3.out test-location-zyAe1R5.out test-message-bDjhZ0p.out test-message-meiuCLo.out test-message-wWBW6Ah.out test-message-XSPGAQo.out test-message-Y5PHIof.out TLSv1.2 '(OUT),' TLS handshake, Finished '(20):' '}' '[16' bytes 'data]' cookies curl-depgraphlink.out curl-output-6CP0.out curl-output-Wxoc.out github-curl.out mbwait.out outgaUaDU test-location-eWRn4SN.out test-location-hB8fBvg.out test-location-o6Gv60s.out test-location-poAVPD3.out test-location-zyAe1R5.out test-message-bDjhZ0p.out test-message-meiuCLo.out test-message-wWBW6Ah.out test-message-XSPGAQo.out test-message-Y5PHIof.out TLSv1.2 '(IN),' TLS handshake, Finished '(20):' '{' '[16' bytes 'data]' cookies curl-depgraphlink.out curl-output-6CP0.out curl-output-Wxoc.out github-curl.out mbwait.out outgaUaDU test-location-eWRn4SN.out test-location-hB8fBvg.out test-location-o6Gv60s.out test-location-poAVPD3.out test-location-zyAe1R5.out test-message-bDjhZ0p.out test-message-meiuCLo.out test-message-wWBW6Ah.out test-message-XSPGAQo.out test-message-Y5PHIof.out SSL connection using TLSv1.2 / ECDHE-RSA-AES256-GCM-SHA384 cookies curl-depgraphlink.out curl-output-6CP0.out curl-output-Wxoc.out github-curl.out mbwait.out outgaUaDU test-location-eWRn4SN.out test-location-hB8fBvg.out test-location-o6Gv60s.out test-location-poAVPD3.out test-location-zyAe1R5.out test-message-bDjhZ0p.out test-message-meiuCLo.out test-message-wWBW6Ah.out test-message-XSPGAQo.out test-message-Y5PHIof.out ALPN, server accepted to use http/1.1 cookies curl-depgraphlink.out curl-output-6CP0.out curl-output-Wxoc.out github-curl.out mbwait.out outgaUaDU test-location-eWRn4SN.out test-location-hB8fBvg.out test-location-o6Gv60s.out test-location-poAVPD3.out test-location-zyAe1R5.out test-message-bDjhZ0p.out test-message-meiuCLo.out test-message-wWBW6Ah.out test-message-XSPGAQo.out test-message-Y5PHIof.out Server certificate: cookies curl-depgraphlink.out curl-output-6CP0.out curl-output-Wxoc.out github-curl.out mbwait.out outgaUaDU test-location-eWRn4SN.out test-location-hB8fBvg.out test-location-o6Gv60s.out test-location-poAVPD3.out test-location-zyAe1R5.out test-message-bDjhZ0p.out test-message-meiuCLo.out test-message-wWBW6Ah.out test-message-XSPGAQo.out test-message-Y5PHIof.out subject: 'C=US;' 'ST=Washington-State;' 'O=GitHub;' OU=Build and Test 'department;' CN=ghe.localhost cookies curl-depgraphlink.out curl-output-6CP0.out curl-output-Wxoc.out github-curl.out mbwait.out outgaUaDU test-location-eWRn4SN.out test-location-hB8fBvg.out test-location-o6Gv60s.out test-location-poAVPD3.out test-location-zyAe1R5.out test-message-bDjhZ0p.out test-message-meiuCLo.out test-message-wWBW6Ah.out test-message-XSPGAQo.out test-message-Y5PHIof.out start date: Mar 20 19:36:08 2024 GMT cookies curl-depgraphlink.out curl-output-6CP0.out curl-output-Wxoc.out github-curl.out mbwait.out outgaUaDU test-location-eWRn4SN.out test-location-hB8fBvg.out test-location-o6Gv60s.out test-location-poAVPD3.out test-location-zyAe1R5.out test-message-bDjhZ0p.out test-message-meiuCLo.out test-message-wWBW6Ah.out test-message-XSPGAQo.out test-message-Y5PHIof.out expire date: Mar 20 19:36:08 2026 GMT cookies curl-depgraphlink.out curl-output-6CP0.out curl-output-Wxoc.out github-curl.out mbwait.out outgaUaDU test-location-eWRn4SN.out test-location-hB8fBvg.out test-location-o6Gv60s.out test-location-poAVPD3.out test-location-zyAe1R5.out test-message-bDjhZ0p.out test-message-meiuCLo.out test-message-wWBW6Ah.out test-message-XSPGAQo.out test-message-Y5PHIof.out issuer: 'C=US;' 'ST=Washington-State;' 'O=GitHub;' OU=Build and Test 'department;' CN=GHES local CA cookies curl-depgraphlink.out curl-output-6CP0.out curl-output-Wxoc.out github-curl.out mbwait.out outgaUaDU test-location-eWRn4SN.out test-location-hB8fBvg.out test-location-o6Gv60s.out test-location-poAVPD3.out test-location-zyAe1R5.out test-message-bDjhZ0p.out test-message-meiuCLo.out test-message-wWBW6Ah.out test-message-XSPGAQo.out test-message-Y5PHIof.out SSL certificate verify result: unable to get local issuer certificate '(20),' continuing anyway. cookies curl-depgraphlink.out curl-output-6CP0.out curl-output-Wxoc.out github-curl.out mbwait.out outgaUaDU test-location-eWRn4SN.out test-location-hB8fBvg.out test-location-o6Gv60s.out test-location-poAVPD3.out test-location-zyAe1R5.out test-message-bDjhZ0p.out test-message-meiuCLo.out test-message-wWBW6Ah.out test-message-XSPGAQo.out test-message-Y5PHIof.out Server auth using Basic with user ''\''ghe-admin'\''' '}' '[5' bytes 'data]' '>' POST /api/v3/user/repos $'HTTP/1.1\r' '>' Host: $'codespaces-0a371d\r' '>' Content-Length: $'70\r' '>' Content-Type: $'application/x-www-form-urlencoded\r' '>' $'\r' '}' '[70' bytes 'data]' cookies curl-depgraphlink.out curl-output-6CP0.out curl-output-Wxoc.out github-curl.out mbwait.out outgaUaDU test-location-eWRn4SN.out test-location-hB8fBvg.out test-location-o6Gv60s.out test-location-poAVPD3.out test-location-zyAe1R5.out test-message-bDjhZ0p.out test-message-meiuCLo.out test-message-wWBW6Ah.out test-message-XSPGAQo.out test-message-Y5PHIof.out upload completely sent off: 70 out of 70 bytes $'\r100' 70 0 0 100 70 0 58 0:00:01 0:00:01 --:--:-- $'58\r100' 70 0 0 100 70 0 31 0:00:02 0:00:02 --:--:-- $'31\r100' 70 0 0 100 70 0 21 0:00:03 0:00:03 --:--:-- $'21\r100' 70 0 0 100 70 0 16 0:00:04 0:00:04 --:--:-- $'16\r100' 70 0 0 100 70 0 13 0:00:05 0:00:05 --:--:-- $'13\r100' 70 0 0 100 70 0 11 0:00:06 0:00:06 --:--:-- $'0\r100' 70 0 0 100 70 0 9 0:00:07 0:00:07 --:--:-- $'0\r100' 70 0 0 100 70 0 8 0:00:08 0:00:08 --:--:-- $'0\r100' 70 0 0 100 70 0 7 0:00:10 0:00:09 0:00:01 $'0\r100' 70 0 0 100 70 0 6 0:00:11 0:00:10 0:00:01 $'0\r100' 70 0 0 100 70 0 6 0:00:11 0:00:11 --:--:-- $'0\r100' 70 0 0 100 70 0 5 0:00:14 0:00:12 0:00:02 $'0\r100' 70 0 0 100 70 0 5 0:00:14 0:00:13 0:00:01 $'0\r100' 70 0 0 100 70 0 4 0:00:17 0:00:14 0:00:03 $'0\r100' 70 0 0 100 70 0 4 0:00:17 0:00:15 0:00:02 $'0\r100' 70 0 0 100 70 0 4 0:00:17 0:00:16 0:00:01 $'0\r100' 70 0 0 100 70 0 4 0:00:17 0:00:17 --:--:-- $'0\r100' 70 0 0 100 70 0 3 0:00:23 0:00:18 0:00:05 $'0\r100' 70 0 0 100 70 0 3 0:00:23 0:00:19 0:00:04 $'0\r100' 70 0 0 100 70 0 3 0:00:23 0:00:20 0:00:03 $'0\r100' 70 0 0 100 70 0 3 0:00:23 0:00:21 0:00:02 $'0\r100' 70 0 0 100 70 0 3 0:00:23 0:00:22 0:00:01 $'0\r100' 70 0 0 100 70 0 3 0:00:23 0:00:23 --:--:-- $'0\r100' 70 0 0 100 70 0 2 0:00:35 0:00:24 0:00:11 $'0\r100' 70 0 0 100 70 0 2 0:00:35 0:00:25 0:00:10 $'0\r100' 70 0 0 100 70 0 2 0:00:35 0:00:26 0:00:09 $'0\r100' 70 0 0 100 70 0 2 0:00:35 0:00:27 0:00:08 $'0\r100' 70 0 0 100 70 0 2 0:00:35 0:00:28 0:00:07 $'0\r100' 70 0 0 100 70 0 2 0:00:35 0:00:29 0:00:06 $'0\r100' 70 0 0 100 70 0 2 0:00:35 0:00:30 0:00:05 $'0\r100' 70 0 0 100 70 0 2 0:00:35 0:00:31 0:00:04 $'0\r100' 70 0 0 100 70 0 2 0:00:35 0:00:32 0:00:03 $'0\r100' 70 0 0 100 70 0 2 0:00:35 0:00:33 0:00:02 $'0\r100' 70 0 0 100 70 0 2 0:00:35 0:00:34 0:00:01 $'0\r100' 70 0 0 100 70 0 1 0:01:10 0:00:35 0:00:35 $'0\r100' 70 0 0 100 70 0 1 0:01:10 0:00:36 0:00:34 $'0\r100' 70 0 0 100 70 0 1 0:01:10 0:00:37 0:00:33 $'0\r100' 70 0 0 100 70 0 1 0:01:10 0:00:38 0:00:32 $'0\r100' 70 0 0 100 70 0 1 0:01:10 0:00:39 0:00:31 $'0\r100' 70 0 0 100 70 0 1 0:01:10 0:00:40 0:00:30 $'0\r100' 70 0 0 100 70 0 1 0:01:10 0:00:41 0:00:29 $'0\r100' 70 0 0 100 70 0 1 0:01:10 0:00:42 0:00:28 $'0\r100' 70 0 0 100 70 0 1 0:01:10 0:00:43 0:00:27 $'0\r100' 70 0 0 100 70 0 1 0:01:10 0:00:44 0:00:26 $'0\r100' 70 0 0 100 70 0 1 0:01:10 0:00:45 0:00:25 $'0\r100' 70 0 0 100 70 0 1 0:01:10 0:00:46 0:00:24 $'0\r100' 70 0 0 100 70 0 1 0:01:10 0:00:47 0:00:23 $'0\r100' 70 0 0 100 70 0 1 0:01:10 0:00:48 0:00:22 $'0\r100' 70 0 0 100 70 0 1 0:01:10 0:00:49 0:00:21 $'0\r100' 70 0 0 100 70 0 1 0:01:10 0:00:50 0:00:20 $'0\r100' 70 0 0 100 70 0 1 0:01:10 0:00:51 0:00:19 $'0\r100' 70 0 0 100 70 0 1 0:01:10 0:00:52 0:00:18 $'0\r100' 70 0 0 100 70 0 1 0:01:10 0:00:53 0:00:17 $'0\r100' 70 0 0 100 70 0 1 0:01:10 0:00:54 0:00:16 $'0\r100' 70 0 0 100 70 0 1 0:01:10 0:00:55 0:00:15 $'0\r100' 70 0 0 100 70 0 1 0:01:10 0:00:56 0:00:14 $'0\r100' 70 0 0 100 70 0 1 0:01:10 0:00:57 0:00:13 $'0\r100' 70 0 0 100 70 0 1 0:01:10 0:00:58 0:00:12 $'0\r100' 70 0 0 100 70 0 1 0:01:10 0:00:59 0:00:11 '0{' '[5' bytes 'data]' cookies curl-depgraphlink.out curl-output-6CP0.out curl-output-Wxoc.out github-curl.out mbwait.out outgaUaDU test-location-eWRn4SN.out test-location-hB8fBvg.out test-location-o6Gv60s.out test-location-poAVPD3.out test-location-zyAe1R5.out test-message-bDjhZ0p.out test-message-meiuCLo.out test-message-wWBW6Ah.out test-message-XSPGAQo.out test-message-Y5PHIof.out' '<' Date: Tue, 15 Apr 2025 19:20:42 $'GMT\r' '<' Content-Type: $'text/html\r' '<' Content-Length: $'176\r' '<' Connection: $'keep-alive\r' '<' $'\r' '{' '[176' bytes 'data]' $'\r100' 246 100 176 100 70 2 1 0:01:28 0:01:00 0:00:28 $'36\r100' 246 100 176 100 70 2 1 0:01:28 0:01:00 0:00:28 46 cookies curl-depgraphlink.out curl-output-6CP0.out curl-output-Wxoc.out github-curl.out mbwait.out outgaUaDU test-location-eWRn4SN.out test-location-hB8fBvg.out test-location-o6Gv60s.out test-location-poAVPD3.out test-location-zyAe1R5.out test-message-bDjhZ0p.out test-message-meiuCLo.out test-message-wWBW6Ah.out test-message-XSPGAQo.out test-message-Y5PHIof.out Connection ' Note: Unnecessary use of -X or --request, POST is already inferred. % Total % Received % Xferd Average Speed Time Time Time Current Dload Upload Total Spent Left Speed $'\r' 0 0 0 0 0 0 0 0 --:--:-- --:--:-- --:--:-- '0*' Trying 127.0.0.1:443... cookies curl-depgraphlink.out curl-output-6CP0.out curl-output-Wxoc.out github-curl.out mbwait.out outgaUaDU test-location-eWRn4SN.out test-location-hB8fBvg.out test-location-o6Gv60s.out test-location-poAVPD3.out test-location-zyAe1R5.out test-message-bDjhZ0p.out test-message-meiuCLo.out test-message-wWBW6Ah.out test-message-XSPGAQo.out test-message-Y5PHIof.out Connected to codespaces-0a371d '(127.0.0.1)' port 443 '(#0)' cookies curl-depgraphlink.out curl-output-6CP0.out curl-output-Wxoc.out github-curl.out mbwait.out outgaUaDU test-location-eWRn4SN.out test-location-hB8fBvg.out test-location-o6Gv60s.out test-location-poAVPD3.out test-location-zyAe1R5.out test-message-bDjhZ0p.out test-message-meiuCLo.out test-message-wWBW6Ah.out test-message-XSPGAQo.out test-message-Y5PHIof.out ALPN, offering http/1.1 cookies curl-depgraphlink.out curl-output-6CP0.out curl-output-Wxoc.out github-curl.out mbwait.out outgaUaDU test-location-eWRn4SN.out test-location-hB8fBvg.out test-location-o6Gv60s.out test-location-poAVPD3.out test-location-zyAe1R5.out test-message-bDjhZ0p.out test-message-meiuCLo.out test-message-wWBW6Ah.out test-message-XSPGAQo.out test-message-Y5PHIof.out successfully set certificate verify locations: cookies curl-depgraphlink.out curl-output-6CP0.out curl-output-Wxoc.out github-curl.out mbwait.out outgaUaDU test-location-eWRn4SN.out test-location-hB8fBvg.out test-location-o6Gv60s.out test-location-poAVPD3.out test-location-zyAe1R5.out test-message-bDjhZ0p.out test-message-meiuCLo.out test-message-wWBW6Ah.out test-message-XSPGAQo.out test-message-Y5PHIof.out CAfile: /etc/ssl/certs/ca-certificates.crt cookies curl-depgraphlink.out curl-output-6CP0.out curl-output-Wxoc.out github-curl.out mbwait.out outgaUaDU test-location-eWRn4SN.out test-location-hB8fBvg.out test-location-o6Gv60s.out test-location-poAVPD3.out test-location-zyAe1R5.out test-message-bDjhZ0p.out test-message-meiuCLo.out test-message-wWBW6Ah.out test-message-XSPGAQo.out test-message-Y5PHIof.out CApath: /etc/ssl/certs '}' '[5' bytes 'data]' cookies curl-depgraphlink.out curl-output-6CP0.out curl-output-Wxoc.out github-curl.out mbwait.out outgaUaDU test-location-eWRn4SN.out test-location-hB8fBvg.out test-location-o6Gv60s.out test-location-poAVPD3.out test-location-zyAe1R5.out test-message-bDjhZ0p.out test-message-meiuCLo.out test-message-wWBW6Ah.out test-message-XSPGAQo.out test-message-Y5PHIof.out TLSv1.3 '(OUT),' TLS handshake, Client hello '(1):' '}' '[512' bytes 'data]' cookies curl-depgraphlink.out curl-output-6CP0.out curl-output-Wxoc.out github-curl.out mbwait.out outgaUaDU test-location-eWRn4SN.out test-location-hB8fBvg.out test-location-o6Gv60s.out test-location-poAVPD3.out test-location-zyAe1R5.out test-message-bDjhZ0p.out test-message-meiuCLo.out test-message-wWBW6Ah.out test-message-XSPGAQo.out test-message-Y5PHIof.out TLSv1.3 '(IN),' TLS handshake, Server hello '(2):' '{' '[112' bytes 'data]' cookies curl-depgraphlink.out curl-output-6CP0.out curl-output-Wxoc.out github-curl.out mbwait.out outgaUaDU test-location-eWRn4SN.out test-location-hB8fBvg.out test-location-o6Gv60s.out test-location-poAVPD3.out test-location-zyAe1R5.out test-message-bDjhZ0p.out test-message-meiuCLo.out test-message-wWBW6Ah.out test-message-XSPGAQo.out test-message-Y5PHIof.out TLSv1.2 '(IN),' TLS handshake, Certificate '(11):' '{' '[1549' bytes 'data]' cookies curl-depgraphlink.out curl-output-6CP0.out curl-output-Wxoc.out github-curl.out mbwait.out outgaUaDU test-location-eWRn4SN.out test-location-hB8fBvg.out test-location-o6Gv60s.out test-location-poAVPD3.out test-location-zyAe1R5.out test-message-bDjhZ0p.out test-message-meiuCLo.out test-message-wWBW6Ah.out test-message-XSPGAQo.out test-message-Y5PHIof.out TLSv1.2 '(IN),' TLS handshake, Server key exchange '(12):' '{' '[556' bytes 'data]' cookies curl-depgraphlink.out curl-output-6CP0.out curl-output-Wxoc.out github-curl.out mbwait.out outgaUaDU test-location-eWRn4SN.out test-location-hB8fBvg.out test-location-o6Gv60s.out test-location-poAVPD3.out test-location-zyAe1R5.out test-message-bDjhZ0p.out test-message-meiuCLo.out test-message-wWBW6Ah.out test-message-XSPGAQo.out test-message-Y5PHIof.out TLSv1.2 '(IN),' TLS handshake, Server finished '(14):' '{' '[4' bytes 'data]' cookies curl-depgraphlink.out curl-output-6CP0.out curl-output-Wxoc.out github-curl.out mbwait.out outgaUaDU test-location-eWRn4SN.out test-location-hB8fBvg.out test-location-o6Gv60s.out test-location-poAVPD3.out test-location-zyAe1R5.out test-message-bDjhZ0p.out test-message-meiuCLo.out test-message-wWBW6Ah.out test-message-XSPGAQo.out test-message-Y5PHIof.out TLSv1.2 '(OUT),' TLS handshake, Client key exchange '(16):' '}' '[37' bytes 'data]' cookies curl-depgraphlink.out curl-output-6CP0.out curl-output-Wxoc.out github-curl.out mbwait.out outgaUaDU test-location-eWRn4SN.out test-location-hB8fBvg.out test-location-o6Gv60s.out test-location-poAVPD3.out test-location-zyAe1R5.out test-message-bDjhZ0p.out test-message-meiuCLo.out test-message-wWBW6Ah.out test-message-XSPGAQo.out test-message-Y5PHIof.out TLSv1.2 '(OUT),' TLS change cipher, Change cipher spec '(1):' '}' '[1' bytes 'data]' cookies curl-depgraphlink.out curl-output-6CP0.out curl-output-Wxoc.out github-curl.out mbwait.out outgaUaDU test-location-eWRn4SN.out test-location-hB8fBvg.out test-location-o6Gv60s.out test-location-poAVPD3.out test-location-zyAe1R5.out test-message-bDjhZ0p.out test-message-meiuCLo.out test-message-wWBW6Ah.out test-message-XSPGAQo.out test-message-Y5PHIof.out TLSv1.2 '(OUT),' TLS handshake, Finished '(20):' '}' '[16' bytes 'data]' cookies curl-depgraphlink.out curl-output-6CP0.out curl-output-Wxoc.out github-curl.out mbwait.out outgaUaDU test-location-eWRn4SN.out test-location-hB8fBvg.out test-location-o6Gv60s.out test-location-poAVPD3.out test-location-zyAe1R5.out test-message-bDjhZ0p.out test-message-meiuCLo.out test-message-wWBW6Ah.out test-message-XSPGAQo.out test-message-Y5PHIof.out TLSv1.2 '(IN),' TLS handshake, Finished '(20):' '{' '[16' bytes 'data]' cookies curl-depgraphlink.out curl-output-6CP0.out curl-output-Wxoc.out github-curl.out mbwait.out outgaUaDU test-location-eWRn4SN.out test-location-hB8fBvg.out test-location-o6Gv60s.out test-location-poAVPD3.out test-location-zyAe1R5.out test-message-bDjhZ0p.out test-message-meiuCLo.out test-message-wWBW6Ah.out test-message-XSPGAQo.out test-message-Y5PHIof.out SSL connection using TLSv1.2 / ECDHE-RSA-AES256-GCM-SHA384 cookies curl-depgraphlink.out curl-output-6CP0.out curl-output-Wxoc.out github-curl.out mbwait.out outgaUaDU test-location-eWRn4SN.out test-location-hB8fBvg.out test-location-o6Gv60s.out test-location-poAVPD3.out test-location-zyAe1R5.out test-message-bDjhZ0p.out test-message-meiuCLo.out test-message-wWBW6Ah.out test-message-XSPGAQo.out test-message-Y5PHIof.out ALPN, server accepted to use http/1.1 cookies curl-depgraphlink.out curl-output-6CP0.out curl-output-Wxoc.out github-curl.out mbwait.out outgaUaDU test-location-eWRn4SN.out test-location-hB8fBvg.out test-location-o6Gv60s.out test-location-poAVPD3.out test-location-zyAe1R5.out test-message-bDjhZ0p.out test-message-meiuCLo.out test-message-wWBW6Ah.out test-message-XSPGAQo.out test-message-Y5PHIof.out Server certificate: cookies curl-depgraphlink.out curl-output-6CP0.out curl-output-Wxoc.out github-curl.out mbwait.out outgaUaDU test-location-eWRn4SN.out test-location-hB8fBvg.out test-location-o6Gv60s.out test-location-poAVPD3.out test-location-zyAe1R5.out test-message-bDjhZ0p.out test-message-meiuCLo.out test-message-wWBW6Ah.out test-message-XSPGAQo.out test-message-Y5PHIof.out subject: 'C=US;' 'ST=Washington-State;' 'O=GitHub;' OU=Build and Test 'department;' CN=ghe.localhost cookies curl-depgraphlink.out curl-output-6CP0.out curl-output-Wxoc.out github-curl.out mbwait.out outgaUaDU test-location-eWRn4SN.out test-location-hB8fBvg.out test-location-o6Gv60s.out test-location-poAVPD3.out test-location-zyAe1R5.out test-message-bDjhZ0p.out test-message-meiuCLo.out test-message-wWBW6Ah.out test-message-XSPGAQo.out test-message-Y5PHIof.out start date: Mar 20 19:36:08 2024 GMT cookies curl-depgraphlink.out curl-output-6CP0.out curl-output-Wxoc.out github-curl.out mbwait.out outgaUaDU test-location-eWRn4SN.out test-location-hB8fBvg.out test-location-o6Gv60s.out test-location-poAVPD3.out test-location-zyAe1R5.out test-message-bDjhZ0p.out test-message-meiuCLo.out test-message-wWBW6Ah.out test-message-XSPGAQo.out test-message-Y5PHIof.out expire date: Mar 20 19:36:08 2026 GMT cookies curl-depgraphlink.out curl-output-6CP0.out curl-output-Wxoc.out github-curl.out mbwait.out outgaUaDU test-location-eWRn4SN.out test-location-hB8fBvg.out test-location-o6Gv60s.out test-location-poAVPD3.out test-location-zyAe1R5.out test-message-bDjhZ0p.out test-message-meiuCLo.out test-message-wWBW6Ah.out test-message-XSPGAQo.out test-message-Y5PHIof.out issuer: 'C=US;' 'ST=Washington-State;' 'O=GitHub;' OU=Build and Test 'department;' CN=GHES local CA cookies curl-depgraphlink.out curl-output-6CP0.out curl-output-Wxoc.out github-curl.out mbwait.out outgaUaDU test-location-eWRn4SN.out test-location-hB8fBvg.out test-location-o6Gv60s.out test-location-poAVPD3.out test-location-zyAe1R5.out test-message-bDjhZ0p.out test-message-meiuCLo.out test-message-wWBW6Ah.out test-message-XSPGAQo.out test-message-Y5PHIof.out SSL certificate verify result: unable to get local issuer certificate '(20),' continuing anyway. cookies curl-depgraphlink.out curl-output-6CP0.out curl-output-Wxoc.out github-curl.out mbwait.out outgaUaDU test-location-eWRn4SN.out test-location-hB8fBvg.out test-location-o6Gv60s.out test-location-poAVPD3.out test-location-zyAe1R5.out test-message-bDjhZ0p.out test-message-meiuCLo.out test-message-wWBW6Ah.out test-message-XSPGAQo.out test-message-Y5PHIof.out Server auth using Basic with user ''\''ghe-admin'\''' '}' '[5' bytes 'data]' '>' POST /api/v3/user/repos $'HTTP/1.1\r' '>' Host: $'codespaces-0a371d\r' '>' Content-Length: $'70\r' '>' Content-Type: $'application/x-www-form-urlencoded\r' '>' $'\r' '}' '[70' bytes 'data]' cookies curl-depgraphlink.out curl-output-6CP0.out curl-output-Wxoc.out github-curl.out mbwait.out outgaUaDU test-location-eWRn4SN.out test-location-hB8fBvg.out test-location-o6Gv60s.out test-location-poAVPD3.out test-location-zyAe1R5.out test-message-bDjhZ0p.out test-message-meiuCLo.out test-message-wWBW6Ah.out test-message-XSPGAQo.out test-message-Y5PHIof.out upload completely sent off: 70 out of 70 bytes $'\r100' 70 0 0 100 70 0 348 --:--:-- --:--:-- --:--:-- $'346\r100' 70 0 0 100 70 0 58 0:00:01 0:00:01 --:--:-- $'58\r100' 70 0 0 100 70 0 31 0:00:02 0:00:02 --:--:-- $'31\r100' 70 0 0 100 70 0 21 0:00:03 0:00:03 --:--:-- $'21\r100' 70 0 0 100 70 0 16 0:00:04 0:00:04 --:--:-- $'16\r100' 70 0 0 100 70 0 13 0:00:05 0:00:05 --:--:-- $'0\r100' 70 0 0 100 70 0 11 0:00:06 0:00:06 --:--:-- $'0\r100' 70 0 0 100 70 0 9 0:00:07 0:00:07 --:--:-- $'0\r100' 70 0 0 100 70 0 8 0:00:08 0:00:08 --:--:-- $'0\r100' 70 0 0 100 70 0 7 0:00:10 0:00:09 0:00:01 $'0\r100' 70 0 0 100 70 0 6 0:00:11 0:00:10 0:00:01 $'0\r100' 70 0 0 100 70 0 6 0:00:11 0:00:11 --:--:-- $'0\r100' 70 0 0 100 70 0 5 0:00:14 0:00:12 0:00:02 $'0\r100' 70 0 0 100 70 0 5 0:00:14 0:00:13 0:00:01 $'0\r100' 70 0 0 100 70 0 4 0:00:17 0:00:14 0:00:03 $'0\r100' 70 0 0 100 70 0 4 0:00:17 0:00:15 0:00:02 $'0\r100' 70 0 0 100 70 0 4 0:00:17 0:00:16 0:00:01 $'0\r100' 70 0 0 100 70 0 4 0:00:17 0:00:17 --:--:-- $'0\r100' 70 0 0 100 70 0 3 0:00:23 0:00:18 0:00:05 $'0\r100' 70 0 0 100 70 0 3 0:00:23 0:00:19 0:00:04 $'0\r100' 70 0 0 100 70 0 3 0:00:23 0:00:20 0:00:03 $'0\r100' 70 0 0 100 70 0 3 0:00:23 0:00:21 0:00:02 $'0\r100' 70 0 0 100 70 0 3 0:00:23 0:00:22 0:00:01 $'0\r100' 70 0 0 100 70 0 3 0:00:23 0:00:23 --:--:-- $'0\r100' 70 0 0 100 70 0 2 0:00:35 0:00:24 0:00:11 $'0\r100' 70 0 0 100 70 0 2 0:00:35 0:00:25 0:00:10 $'0\r100' 70 0 0 100 70 0 2 0:00:35 0:00:26 0:00:09 $'0\r100' 70 0 0 100 70 0 2 0:00:35 0:00:27 0:00:08 $'0\r100' 70 0 0 100 70 0 2 0:00:35 0:00:28 0:00:07 $'0\r100' 70 0 0 100 70 0 2 0:00:35 0:00:29 0:00:06 $'0\r100' 70 0 0 100 70 0 2 0:00:35 0:00:30 0:00:05 $'0\r100' 70 0 0 100 70 0 2 0:00:35 0:00:31 0:00:04 $'0\r100' 70 0 0 100 70 0 2 0:00:35 0:00:32 0:00:03 $'0\r100' 70 0 0 100 70 0 2 0:00:35 0:00:33 0:00:02 $'0\r100' 70 0 0 100 70 0 2 0:00:35 0:00:34 0:00:01 $'0\r100' 70 0 0 100 70 0 1 0:01:10 0:00:35 0:00:35 $'0\r100' 70 0 0 100 70 0 1 0:01:10 0:00:36 0:00:34 $'0\r100' 70 0 0 100 70 0 1 0:01:10 0:00:37 0:00:33 $'0\r100' 70 0 0 100 70 0 1 0:01:10 0:00:38 0:00:32 $'0\r100' 70 0 0 100 70 0 1 0:01:10 0:00:39 0:00:31 $'0\r100' 70 0 0 100 70 0 1 0:01:10 0:00:40 0:00:30 $'0\r100' 70 0 0 100 70 0 1 0:01:10 0:00:41 0:00:29 $'0\r100' 70 0 0 100 70 0 1 0:01:10 0:00:42 0:00:28 $'0\r100' 70 0 0 100 70 0 1 0:01:10 0:00:43 0:00:27 $'0\r100' 70 0 0 100 70 0 1 0:01:10 0:00:44 0:00:26 $'0\r100' 70 0 0 100 70 0 1 0:01:10 0:00:45 0:00:25 $'0\r100' 70 0 0 100 70 0 1 0:01:10 0:00:46 0:00:24 $'0\r100' 70 0 0 100 70 0 1 0:01:10 0:00:47 0:00:23 $'0\r100' 70 0 0 100 70 0 1 0:01:10 0:00:48 0:00:22 $'0\r100' 70 0 0 100 70 0 1 0:01:10 0:00:49 0:00:21 $'0\r100' 70 0 0 100 70 0 1 0:01:10 0:00:50 0:00:20 $'0\r100' 70 0 0 100 70 0 1 0:01:10 0:00:51 0:00:19 $'0\r100' 70 0 0 100 70 0 1 0:01:10 0:00:52 0:00:18 $'0\r100' 70 0 0 100 70 0 1 0:01:10 0:00:53 0:00:17 $'0\r100' 70 0 0 100 70 0 1 0:01:10 0:00:54 0:00:16 $'0\r100' 70 0 0 100 70 0 1 0:01:10 0:00:55 0:00:15 $'0\r100' 70 0 0 100 70 0 1 0:01:10 0:00:56 0:00:14 $'0\r100' 70 0 0 100 70 0 1 0:01:10 0:00:57 0:00:13 $'0\r100' 70 0 0 100 70 0 1 0:01:10 0:00:58 0:00:12 $'0\r100' 70 0 0 100 70 0 1 0:01:10 0:00:59 0:00:11 '0{' '[5' bytes 'data]' cookies curl-depgraphlink.out curl-output-6CP0.out curl-output-Wxoc.out github-curl.out mbwait.out outgaUaDU test-location-eWRn4SN.out test-location-hB8fBvg.out test-location-o6Gv60s.out test-location-poAVPD3.out test-location-zyAe1R5.out test-message-bDjhZ0p.out test-message-meiuCLo.out test-message-wWBW6Ah.out test-message-XSPGAQo.out test-message-Y5PHIof.out Mark bundle as not supporting multiuse '<' HTTP/1.1 504 Gateway $'Time-out\r' '<' Server: nginx/1.18.0 '(Ubu' '<' Date: Tue, 15 Apr 2025 19:21:43 $'GMT\r' '<' Content-Type: $'text/html\r' '<' Content-Length: $'176\r' '<' Connection: $'keep-alive\r' '<' $'\r' '{' '[176' bytes 'data]' $'\r100' 246 100 176 100 70 2 1 0:01:28 0:01:00 0:00:28 36 cookies curl-depgraphlink.out curl-output-6CP0.out curl-output-Wxoc.out github-curl.out mbwait.out outgaUaDU test-location-eWRn4SN.out test-location-hB8fBvg.out test-location-o6Gv60s.out test-location-poAVPD3.out test-location-zyAe1R5.out test-message-bDjhZ0p.out te' '</html>nter>nginx/1.18.0' '(Ubuntu)</center>ter>d>message-XSPGAQo.out test-message-Y5PHIof.out Connection '#0' to host codespaces-0a371d left intact '<html>
    cat: invalid option -- 'X'
    Try 'cat --help' for more information.
    +<lib.sh:1069 lib.sh:893 create_empty_repo()> return 1
    +<test-vulnerability-alerts.sh:38 lib.sh:1070 create_repo()> echo 'Repo creation failed'
    Repo creation failed
    +<test-vulnerability-alerts.sh:38 lib.sh:1071 create_repo()> return 1
    ++<test-vulnerability-alerts.sh:186 test-vulnerability-alerts.sh:1 create_vulnerable_repo()> cleanup
    ++<test-vulnerability-alerts.sh:1 lib.sh:555 cleanup()> set +e
    ++<test-vulnerability-alerts.sh:1 lib.sh:557 cleanup()> echo 'Cleaning up'
    Cleaning up
    +<test-vulnerability-alerts.sh:192 lib.sh:356 end_test()> test_status=1
    +<test-vulnerability-alerts.sh:192 lib.sh:357 end_test()> start_fold 'end test'
    +<lib.sh:357 util.sh:586 start_fold()> local 'FOLD_NAME=end test'
    +<lib.sh:357 util.sh:588 start_fold()> '[' -n '' ']'
    %%%FOLD {end test}%%%
    +<test-vulnerability-alerts.sh:192 lib.sh:358 end_test()> ex_fail=0
    +<test-vulnerability-alerts.sh:192 lib.sh:359 end_test()> bt_end 'vulnerability-alerts: new vulnerable public repo gets alerted'
    +<lib.sh:359 bt.sh:106 bt_end()> '[' -z '' -o '' = 0 ']'
    ++<lib.sh:359 bt.sh:107 bt_end()> basename /workspaces/enterprise2/test/lib.sh
    +<lib.sh:359 bt.sh:107 bt_end()> local caller=lib.sh:359
    ++<lib.sh:359 bt.sh:108 bt_end()> echo 'vulnerability-alerts: new vulnerable public repo gets alerted' 65252
    ++<lib.sh:359 bt.sh:108 bt_end()> cksum
    ++<lib.sh:359 bt.sh:108 bt_end()> awk '{print $1}'
    +<lib.sh:359 bt.sh:108 bt_end()> local desc_checksum=2248572101
    ++<lib.sh:359 bt.sh:109 bt_end()> date +%s%N
    +<lib.sh:359 bt.sh:109 bt_end()> echo '1744744903416442770 lib.sh:359 vulnerability-alerts: new vulnerable public repo gets alerted'
    ++<test-vulnerability-alerts.sh:192 lib.sh:360 end_test()> date +%s
    +<test-vulnerability-alerts.sh:192 lib.sh:360 end_test()> after_time=1744744903
    ++<test-vulnerability-alerts.sh:192 lib.sh:361 end_test()> date -u +%T
    +<test-vulnerability-alerts.sh:192 lib.sh:361 end_test()> pretty_after_time=19:21:43
    %%%END FOLD%%%

===FAILURE===
{
  "suite": "vulnerability-alerts",
  "name": "vulnerability-alerts: new vulnerable public repo gets alerted",
  "message": "",
  "location": "test/test-vulnerability-alerts.sh:181",
  "duration": 182.0,
  "fingerprint": "53cbf6750d42297f6a332d5815fce504",
  "hostname": "codespaces-0a371d"
}
===END FAILURE===
%%%END FOLD%%%
test: vulnerability-alerts: existing public repo gets alerted to new vulnerability ... ...                 FAILED (19:21:43 -> 19:23:43 : 120s)
%%%FOLD {-- output --}%%%
    begin_test: vulnerability-alerts: existing public repo gets alerted to new vulnerability
    ++<test-vulnerability-alerts.sh:194 lib.sh:203 begin_test()> date +%s
    +<test-vulnerability-alerts.sh:194 lib.sh:203 begin_test()> before_time=1744744903
    ++<test-vulnerability-alerts.sh:194 lib.sh:204 begin_test()> date -u +%T
    +<test-vulnerability-alerts.sh:194 lib.sh:204 begin_test()> pretty_before_time=19:21:43
    +<test-vulnerability-alerts.sh:194 lib.sh:206 begin_test()> allow_test 'vulnerability-alerts: existing public repo gets alerted to new vulnerability'
    +<lib.sh:206 lib.sh:143 allow_test()> '[' -z '' ']'
    +<lib.sh:206 lib.sh:143 allow_test()> return 0
    +<test-vulnerability-alerts.sh:196> set -e
    +<test-vulnerability-alerts.sh:197> setup
    +<test-vulnerability-alerts.sh:197 lib.sh:561 setup()> start_fold setup
    +<lib.sh:561 util.sh:586 start_fold()> local FOLD_NAME=setup
    +<lib.sh:561 util.sh:588 start_fold()> '[' -n '' ']'
    %%%FOLD {setup}%%%
    +<test-vulnerability-alerts.sh:197 lib.sh:562 setup()> trap cleanup EXIT
    +<test-vulnerability-alerts.sh:197 lib.sh:563 setup()> trap cleanup INT
    +<test-vulnerability-alerts.sh:197 lib.sh:564 setup()> trap cleanup TERM
    +<test-vulnerability-alerts.sh:197 lib.sh:567 setup()> echo 'setting GIT_SSH wrapper'
    setting GIT_SSH wrapper
    +<test-vulnerability-alerts.sh:197 lib.sh:568 setup()> export GIT_SSH=/workspaces/enterprise2/test/ssh-wrapper.sh
    +<test-vulnerability-alerts.sh:197 lib.sh:568 setup()> GIT_SSH=/workspaces/enterprise2/test/ssh-wrapper.sh
    +<test-vulnerability-alerts.sh:197 lib.sh:569 setup()> export SSH_AUTH_SOCK=
    +<test-vulnerability-alerts.sh:197 lib.sh:569 setup()> SSH_AUTH_SOCK=
    +<test-vulnerability-alerts.sh:197 lib.sh:572 setup()> export TESTKEYPATH=/workspaces/enterprise2/id_test
    +<test-vulnerability-alerts.sh:197 lib.sh:572 setup()> TESTKEYPATH=/workspaces/enterprise2/id_test
    +<test-vulnerability-alerts.sh:197 lib.sh:575 setup()> export HOME=/tmp/enterprise2-Vb4nNE
    +<test-vulnerability-alerts.sh:197 lib.sh:575 setup()> HOME=/tmp/enterprise2-Vb4nNE
    +<test-vulnerability-alerts.sh:197 lib.sh:577 setup()> cd /tmp/enterprise2-Vb4nNE
    +<test-vulnerability-alerts.sh:197 lib.sh:578 setup()> end_fold
    +<lib.sh:578 util.sh:596 end_fold()> '[' -n '' ']'
    %%%END FOLD%%%
    +<test-vulnerability-alerts.sh:199> wait_for_nomad_job_status dependency-graph-api-service 30
    +<test-vulnerability-alerts.sh:199 lib.sh:1171 wait_for_nomad_job_status()> (( n = 0 ))
    +<test-vulnerability-alerts.sh:199 lib.sh:1171 wait_for_nomad_job_status()> (( n < (30 * 10) ))
    +<test-vulnerability-alerts.sh:199 lib.sh:1172 wait_for_nomad_job_status()> ssh_cmd nomad status
    +<test-vulnerability-alerts.sh:199 lib.sh:1172 wait_for_nomad_job_status()> grep '${1}'
    +<test-vulnerability-alerts.sh:199 lib.sh:1172 wait_for_nomad_job_status()> awk '{ print $4 }'
    +<lib.sh:1172 lib.sh:612 ssh_cmd()> INSTANCE_SSH_IP=0
    +<lib.sh:1172 lib.sh:613 ssh_cmd()> '[' 0 = 0 ']'
    +<lib.sh:1172 lib.sh:614 ssh_cmd()> /workspaces/enterprise2/chroot-ssh.sh nomad status
    The container build-default is not running
    +<test-vulnerability-alerts.sh:199 lib.sh:1172 wait_for_nomad_job_status()> return
    +<test-vulnerability-alerts.sh:200> assert_repo_vulnerability_alert ghe-admin/enterprise2-Vb4nNE-initial-public-vuln
    +<test-vulnerability-alerts.sh:200 test-vulnerability-alerts.sh:62 assert_repo_vulnerability_alert()> assert_repo_vulnerability_alert_text ghe-admin/enterprise2-Vb4nNE-initial-public-vuln 1
    +<test-vulnerability-alerts.sh:62 test-vulnerability-alerts.sh:71 assert_repo_vulnerability_alert_text()> local repo=ghe-admin/enterprise2-Vb4nNE-initial-public-vuln
    +<test-vulnerability-alerts.sh:62 test-vulnerability-alerts.sh:72 assert_repo_vulnerability_alert_text()> local want=1
    +<test-vulnerability-alerts.sh:62 test-vulnerability-alerts.sh:73 assert_repo_vulnerability_alert_text()> local curlout=/tmp/enterprise2-Vb4nNE/curl-vulnalert.out
    +<test-vulnerability-alerts.sh:62 test-vulnerability-alerts.sh:74 assert_repo_vulnerability_alert_text()> local cookies
    ++<test-vulnerability-alerts.sh:62 test-vulnerability-alerts.sh:75 assert_repo_vulnerability_alert_text()> login_user codespaces-0a371d ghe-admin passworD1
    ++<test-vulnerability-alerts.sh:75 lib.sh:1506 login_user()> local ip=codespaces-0a371d
    ++<test-vulnerability-alerts.sh:75 lib.sh:1507 login_user()> local username=ghe-admin
    ++<test-vulnerability-alerts.sh:75 lib.sh:1508 login_user()> local password=passworD1
    ++<test-vulnerability-alerts.sh:75 lib.sh:1511 login_user()> curl --http1.1 -H Expect: -k -s -L -c /tmp/enterprise2-Vb4nNE/cookies https://codespaces-0a371d/login
    +++<test-vulnerability-alerts.sh:75 lib.sh:1512 login_user()> get_authenticity_token /tmp/enterprise2-Vb4nNE/github-curl.out /session
    +++<lib.sh:1512 lib.sh:1494 get_authenticity_token()> curl_output_file=/tmp/enterprise2-Vb4nNE/github-curl.out
    +++<lib.sh:1512 lib.sh:1495 get_authenticity_token()> action=/session
    +++<lib.sh:1512 lib.sh:1496 get_authenticity_token()> cat /tmp/enterprise2-Vb4nNE/github-curl.out
    +++<lib.sh:1512 lib.sh:1496 get_authenticity_token()> pup 'form[action=/session] input[name=authenticity_token] attr{value}'
    ++<test-vulnerability-alerts.sh:75 lib.sh:1512 login_user()> authenticity_token=
    ++<test-vulnerability-alerts.sh:75 lib.sh:1514 login_user()> curl --http1.1 -H Expect: -k -v -b /tmp/enterprise2-Vb4nNE/cookies -c /tmp/enterprise2-Vb4nNE/cookies -F authenticity_token= -F login=ghe-admin -F password=passworD1 -F 'commit=Sign In' https://codespaces-0a371d/session
    ++<test-vulnerability-alerts.sh:75 lib.sh:1521 login_user()> grep -i -q '< Set-Cookie: logged_in=yes;' /tmp/enterprise2-Vb4nNE/github-curl.out
    ++<test-vulnerability-alerts.sh:75 lib.sh:1522 login_user()> echo 'could not login'
    could not login
    ++<test-vulnerability-alerts.sh:75 lib.sh:1523 login_user()> cat /tmp/enterprise2-Vb4nNE/github-curl.out
    ++<test-vulnerability-alerts.sh:75 lib.sh:1524 login_user()> return 1
    +<test-vulnerability-alerts.sh:62 test-vulnerability-alerts.sh:75 assert_repo_vulnerability_alert_text()> cookies='  % Total    % Received % Xferd  Average Speed   Time    Time     Time  Current
                                     Dload  Upload   Total   Spent    Left  Speed
  0     0    0     0    0     0      0      0 --:--:-- --:--:-- --:--:--     0*   Trying 127.0.0.1:443...
    * Connected to codespaces-0a371d (127.0.0.1) port 443 (#0)
    * ALPN, offering http/1.1
    * successfully set certificate verify locations:
    *  CAfile: /etc/ssl/certs/ca-certificates.crt
    *  CApath: /etc/ssl/certs
    } [5 bytes data]
    * TLSv1.3 (OUT), TLS handshake, Client hello (1):
    } [512 bytes data]
    * TLSv1.3 (IN), TLS handshake, Server hello (2):
    { [112 bytes data]
    * TLSv1.2 (IN), TLS handshake, Certificate (11):
    { [1549 bytes data]
    * TLSv1.2 (IN), TLS handshake, Server key exchange (12):
    { [556 bytes data]
    * TLSv1.2 (IN), TLS handshake, Server finished (14):
    { [4 bytes data]
    * TLSv1.2 (OUT), TLS handshake, Client key exchange (16):
    } [37 bytes data]
    * TLSv1.2 (OUT), TLS change cipher, Change cipher spec (1):
    } [1 bytes data]
    * TLSv1.2 (OUT), TLS handshake, Finished (20):
    } [16 bytes data]
    * TLSv1.2 (IN), TLS handshake, Finished (20):
    { [16 bytes data]
    * SSL connection using TLSv1.2 / ECDHE-RSA-AES256-GCM-SHA384
    * ALPN, server accepted to use http/1.1
    * Server certificate:
    *  subject: C=US; ST=Washington-State; O=GitHub; OU=Build and Test department; CN=ghe.localhost
    *  start date: Mar 20 19:36:08 2024 GMT
    *  expire date: Mar 20 19:36:08 2026 GMT
    *  issuer: C=US; ST=Washington-State; O=GitHub; OU=Build and Test department; CN=GHES local CA
    *  SSL certificate verify result: unable to get local issuer certificate (20), continuing anyway.
    } [5 bytes data]
    > POST /session HTTP/1.1
    > Host: codespaces-0a371d
    > User-Agent: curl/7.74.0
    > Accept: */*
    > Content-Length: 464
    > Content-Type: multipart/form-data; boundary=------------------------3aee50716bbe88d8
    > 
    } [5 bytes data]
    * We are completely uploaded and fine
100   464    0     0  100   464      0      7  0:01:06  0:00:59  0:00:07     0{ [5 bytes data]
    * Mark bundle as not supporting multiuse
    < HTTP/1.1 504 Gateway Time-out
    < Server: nginx/1.18.0 (Ubuntu)
    < Date: Tue, 15 Apr 2025 19:23:43 GMT
    < Content-Type: text/html
    < Content-Length: 176
    < Connection: keep-alive
    < 
    { [176 bytes data]
100   640  100   176  100   464      2      7  0:01:28  0:01:00  0:00:28    46
    * Connection #0 to host codespaces-0a371d left intact
    <html>
    <head><title>504 Gateway Time-out</title></head>
    <body>
    <center><h1>504 Gateway Time-out</h1></center>
    <hr><center>nginx/1.18.0 (Ubuntu)</center>
    </body>
'   </html>
    ++<test-vulnerability-alerts.sh:62 test-vulnerability-alerts.sh:1 assert_repo_vulnerability_alert_text()> cleanup
    ++<test-vulnerability-alerts.sh:1 lib.sh:555 cleanup()> set +e
    ++<test-vulnerability-alerts.sh:1 lib.sh:557 cleanup()> echo 'Cleaning up'
    Cleaning up
    +<test-vulnerability-alerts.sh:202 lib.sh:356 end_test()> test_status=1
    +<test-vulnerability-alerts.sh:202 lib.sh:357 end_test()> start_fold 'end test'
    +<lib.sh:357 util.sh:586 start_fold()> local 'FOLD_NAME=end test'
    +<lib.sh:357 util.sh:588 start_fold()> '[' -n '' ']'
    %%%FOLD {end test}%%%
    +<test-vulnerability-alerts.sh:202 lib.sh:358 end_test()> ex_fail=0
    +<test-vulnerability-alerts.sh:202 lib.sh:359 end_test()> bt_end 'vulnerability-alerts: existing public repo gets alerted to new vulnerability'
    +<lib.sh:359 bt.sh:106 bt_end()> '[' -z '' -o '' = 0 ']'
    ++<lib.sh:359 bt.sh:107 bt_end()> basename /workspaces/enterprise2/test/lib.sh
    +<lib.sh:359 bt.sh:107 bt_end()> local caller=lib.sh:359
    ++<lib.sh:359 bt.sh:108 bt_end()> echo 'vulnerability-alerts: existing public repo gets alerted to new vulnerability' 65252
    ++<lib.sh:359 bt.sh:108 bt_end()> cksum
    ++<lib.sh:359 bt.sh:108 bt_end()> awk '{print $1}'
    +<lib.sh:359 bt.sh:108 bt_end()> local desc_checksum=1310256457
    ++<lib.sh:359 bt.sh:109 bt_end()> date +%s%N
    +<lib.sh:359 bt.sh:109 bt_end()> echo '1744745023789294500 lib.sh:359 vulnerability-alerts: existing public repo gets alerted to new vulnerability'
    ++<test-vulnerability-alerts.sh:202 lib.sh:360 end_test()> date +%s
    +<test-vulnerability-alerts.sh:202 lib.sh:360 end_test()> after_time=1744745023
    ++<test-vulnerability-alerts.sh:202 lib.sh:361 end_test()> date -u +%T
    +<test-vulnerability-alerts.sh:202 lib.sh:361 end_test()> pretty_after_time=19:23:43
    %%%END FOLD%%%

===FAILURE===
{
  "suite": "vulnerability-alerts",
  "name": "vulnerability-alerts: existing public repo gets alerted to new vulnerability",
  "message": "",
  "location": "test/test-vulnerability-alerts.sh:194",
  "duration": 120.0,
  "fingerprint": "7045a577b7f2b31ffeb3fcae2b550969",
  "hostname": "codespaces-0a371d"
}
===END FAILURE===
%%%END FOLD%%%
test: vulnerability-alerts: existing private repo gets alerted to new vulnerability ... ...                FAILED (19:23:43 -> 19:25:44 : 121s)
%%%FOLD {-- output --}%%%
    begin_test: vulnerability-alerts: existing private repo gets alerted to new vulnerability
    ++<test-vulnerability-alerts.sh:204 lib.sh:203 begin_test()> date +%s
    +<test-vulnerability-alerts.sh:204 lib.sh:203 begin_test()> before_time=1744745023
    ++<test-vulnerability-alerts.sh:204 lib.sh:204 begin_test()> date -u +%T
    +<test-vulnerability-alerts.sh:204 lib.sh:204 begin_test()> pretty_before_time=19:23:43
    +<test-vulnerability-alerts.sh:204 lib.sh:206 begin_test()> allow_test 'vulnerability-alerts: existing private repo gets alerted to new vulnerability'
    +<lib.sh:206 lib.sh:143 allow_test()> '[' -z '' ']'
    +<lib.sh:206 lib.sh:143 allow_test()> return 0
    +<test-vulnerability-alerts.sh:206> set -e
    +<test-vulnerability-alerts.sh:207> setup
    +<test-vulnerability-alerts.sh:207 lib.sh:561 setup()> start_fold setup
    +<lib.sh:561 util.sh:586 start_fold()> local FOLD_NAME=setup
    +<lib.sh:561 util.sh:588 start_fold()> '[' -n '' ']'
    %%%FOLD {setup}%%%
    +<test-vulnerability-alerts.sh:207 lib.sh:562 setup()> trap cleanup EXIT
    +<test-vulnerability-alerts.sh:207 lib.sh:563 setup()> trap cleanup INT
    +<test-vulnerability-alerts.sh:207 lib.sh:564 setup()> trap cleanup TERM
    +<test-vulnerability-alerts.sh:207 lib.sh:567 setup()> echo 'setting GIT_SSH wrapper'
    setting GIT_SSH wrapper
    +<test-vulnerability-alerts.sh:207 lib.sh:568 setup()> export GIT_SSH=/workspaces/enterprise2/test/ssh-wrapper.sh
    +<test-vulnerability-alerts.sh:207 lib.sh:568 setup()> GIT_SSH=/workspaces/enterprise2/test/ssh-wrapper.sh
    +<test-vulnerability-alerts.sh:207 lib.sh:569 setup()> export SSH_AUTH_SOCK=
    +<test-vulnerability-alerts.sh:207 lib.sh:569 setup()> SSH_AUTH_SOCK=
    +<test-vulnerability-alerts.sh:207 lib.sh:572 setup()> export TESTKEYPATH=/workspaces/enterprise2/id_test
    +<test-vulnerability-alerts.sh:207 lib.sh:572 setup()> TESTKEYPATH=/workspaces/enterprise2/id_test
    +<test-vulnerability-alerts.sh:207 lib.sh:575 setup()> export HOME=/tmp/enterprise2-Vb4nNE
    +<test-vulnerability-alerts.sh:207 lib.sh:575 setup()> HOME=/tmp/enterprise2-Vb4nNE
    +<test-vulnerability-alerts.sh:207 lib.sh:577 setup()> cd /tmp/enterprise2-Vb4nNE
    +<test-vulnerability-alerts.sh:207 lib.sh:578 setup()> end_fold
    +<lib.sh:578 util.sh:596 end_fold()> '[' -n '' ']'
    %%%END FOLD%%%
    +<test-vulnerability-alerts.sh:210> assert_repo_vulnerability_alert ghe-admin/enterprise2-Vb4nNE-initial-private-vuln
    +<test-vulnerability-alerts.sh:210 test-vulnerability-alerts.sh:62 assert_repo_vulnerability_alert()> assert_repo_vulnerability_alert_text ghe-admin/enterprise2-Vb4nNE-initial-private-vuln 1
    +<test-vulnerability-alerts.sh:62 test-vulnerability-alerts.sh:71 assert_repo_vulnerability_alert_text()> local repo=ghe-admin/enterprise2-Vb4nNE-initial-private-vuln
    +<test-vulnerability-alerts.sh:62 test-vulnerability-alerts.sh:72 assert_repo_vulnerability_alert_text()> local want=1
    +<test-vulnerability-alerts.sh:62 test-vulnerability-alerts.sh:73 assert_repo_vulnerability_alert_text()> local curlout=/tmp/enterprise2-Vb4nNE/curl-vulnalert.out
    +<test-vulnerability-alerts.sh:62 test-vulnerability-alerts.sh:74 assert_repo_vulnerability_alert_text()> local cookies
    ++<test-vulnerability-alerts.sh:62 test-vulnerability-alerts.sh:75 assert_repo_vulnerability_alert_text()> login_user codespaces-0a371d ghe-admin passworD1
    ++<test-vulnerability-alerts.sh:75 lib.sh:1506 login_user()> local ip=codespaces-0a371d
    ++<test-vulnerability-alerts.sh:75 lib.sh:1507 login_user()> local username=ghe-admin
    ++<test-vulnerability-alerts.sh:75 lib.sh:1508 login_user()> local password=passworD1
    ++<test-vulnerability-alerts.sh:75 lib.sh:1511 login_user()> curl --http1.1 -H Expect: -k -s -L -c /tmp/enterprise2-Vb4nNE/cookies https://codespaces-0a371d/login
    +++<test-vulnerability-alerts.sh:75 lib.sh:1512 login_user()> get_authenticity_token /tmp/enterprise2-Vb4nNE/github-curl.out /session
    +++<lib.sh:1512 lib.sh:1494 get_authenticity_token()> curl_output_file=/tmp/enterprise2-Vb4nNE/github-curl.out
    +++<lib.sh:1512 lib.sh:1495 get_authenticity_token()> action=/session
    +++<lib.sh:1512 lib.sh:1496 get_authenticity_token()> cat /tmp/enterprise2-Vb4nNE/github-curl.out
    +++<lib.sh:1512 lib.sh:1496 get_authenticity_token()> pup 'form[action=/session] input[name=authenticity_token] attr{value}'
    ++<test-vulnerability-alerts.sh:75 lib.sh:1512 login_user()> authenticity_token=
    ++<test-vulnerability-alerts.sh:75 lib.sh:1514 login_user()> curl --http1.1 -H Expect: -k -v -b /tmp/enterprise2-Vb4nNE/cookies -c /tmp/enterprise2-Vb4nNE/cookies -F authenticity_token= -F login=ghe-admin -F password=passworD1 -F 'commit=Sign In' https://codespaces-0a371d/session
    ++<test-vulnerability-alerts.sh:75 lib.sh:1521 login_user()> grep -i -q '< Set-Cookie: logged_in=yes;' /tmp/enterprise2-Vb4nNE/github-curl.out
    ++<test-vulnerability-alerts.sh:75 lib.sh:1522 login_user()> echo 'could not login'
    could not login
    ++<test-vulnerability-alerts.sh:75 lib.sh:1523 login_user()> cat /tmp/enterprise2-Vb4nNE/github-curl.out
    ++<test-vulnerability-alerts.sh:75 lib.sh:1524 login_user()> return 1
    +<test-vulnerability-alerts.sh:62 test-vulnerability-alerts.sh:75 assert_repo_vulnerability_alert_text()> cookies='  % Total    % Received % Xferd  Average Speed   Time    Time     Time  Current
                                     Dload  Upload   Total   Spent    Left  Speed
  0     0    0     0    0     0      0      0 --:--:-- --:--:-- --:--:--     0*   Trying 127.0.0.1:443...
    * Connected to codespaces-0a371d (127.0.0.1) port 443 (#0)
    * ALPN, offering http/1.1
    * successfully set certificate verify locations:
    *  CAfile: /etc/ssl/certs/ca-certificates.crt
    *  CApath: /etc/ssl/certs
    } [5 bytes data]
    * TLSv1.3 (OUT), TLS handshake, Client hello (1):
    } [512 bytes data]
    * TLSv1.3 (IN), TLS handshake, Server hello (2):
    { [112 bytes data]
    * TLSv1.2 (IN), TLS handshake, Certificate (11):
    { [1549 bytes data]
    * TLSv1.2 (IN), TLS handshake, Server key exchange (12):
    { [556 bytes data]
    * TLSv1.2 (IN), TLS handshake, Server finished (14):
    { [4 bytes data]
    * TLSv1.2 (OUT), TLS handshake, Client key exchange (16):
    } [37 bytes data]
    * TLSv1.2 (OUT), TLS change cipher, Change cipher spec (1):
    } [1 bytes data]
    * TLSv1.2 (OUT), TLS handshake, Finished (20):
    } [16 bytes data]
    * TLSv1.2 (IN), TLS handshake, Finished (20):
    { [16 bytes data]
    * SSL connection using TLSv1.2 / ECDHE-RSA-AES256-GCM-SHA384
    * ALPN, server accepted to use http/1.1
    * Server certificate:
    *  subject: C=US; ST=Washington-State; O=GitHub; OU=Build and Test department; CN=ghe.localhost
    *  start date: Mar 20 19:36:08 2024 GMT
    *  expire date: Mar 20 19:36:08 2026 GMT
    *  issuer: C=US; ST=Washington-State; O=GitHub; OU=Build and Test department; CN=GHES local CA
    *  SSL certificate verify result: unable to get local issuer certificate (20), continuing anyway.
    } [5 bytes data]
    > POST /session HTTP/1.1
    > Host: codespaces-0a371d
    > User-Agent: curl/7.74.0
    > Accept: */*
    > Content-Length: 464
    > Content-Type: multipart/form-data; boundary=------------------------97d7a441c4dcdb6a
    > 
    } [5 bytes data]
    * We are completely uploaded and fine
100   464    0     0  100   464      0      7  0:01:06  0:00:59  0:00:07     0{ [5 bytes data]
    * Mark bundle as not supporting multiuse
    < HTTP/1.1 504 Gateway Time-out
    < Server: nginx/1.18.0 (Ubuntu)
    < Date: Tue, 15 Apr 2025 19:25:43 GMT
    < Content-Type: text/html
    < Content-Length: 176
    < Connection: keep-alive
    < 
    { [176 bytes data]
100   640  100   176  100   464      2      7  0:01:28  0:01:00  0:00:28    46
    * Connection #0 to host codespaces-0a371d left intact
    <html>
    <head><title>504 Gateway Time-out</title></head>
    <body>
    <center><h1>504 Gateway Time-out</h1></center>
    <hr><center>nginx/1.18.0 (Ubuntu)</center>
    </body>
'   </html>
    ++<test-vulnerability-alerts.sh:62 test-vulnerability-alerts.sh:1 assert_repo_vulnerability_alert_text()> cleanup
    ++<test-vulnerability-alerts.sh:1 lib.sh:555 cleanup()> set +e
    ++<test-vulnerability-alerts.sh:1 lib.sh:557 cleanup()> echo 'Cleaning up'
    Cleaning up
    +<test-vulnerability-alerts.sh:212 lib.sh:356 end_test()> test_status=1
    +<test-vulnerability-alerts.sh:212 lib.sh:357 end_test()> start_fold 'end test'
    +<lib.sh:357 util.sh:586 start_fold()> local 'FOLD_NAME=end test'
    +<lib.sh:357 util.sh:588 start_fold()> '[' -n '' ']'
    %%%FOLD {end test}%%%
    +<test-vulnerability-alerts.sh:212 lib.sh:358 end_test()> ex_fail=0
    +<test-vulnerability-alerts.sh:212 lib.sh:359 end_test()> bt_end 'vulnerability-alerts: existing private repo gets alerted to new vulnerability'
    +<lib.sh:359 bt.sh:106 bt_end()> '[' -z '' -o '' = 0 ']'
    ++<lib.sh:359 bt.sh:107 bt_end()> basename /workspaces/enterprise2/test/lib.sh
    +<lib.sh:359 bt.sh:107 bt_end()> local caller=lib.sh:359
    ++<lib.sh:359 bt.sh:108 bt_end()> echo 'vulnerability-alerts: existing private repo gets alerted to new vulnerability' 65252
    ++<lib.sh:359 bt.sh:108 bt_end()> cksum
    ++<lib.sh:359 bt.sh:108 bt_end()> awk '{print $1}'
    +<lib.sh:359 bt.sh:108 bt_end()> local desc_checksum=4209109009
    ++<lib.sh:359 bt.sh:109 bt_end()> date +%s%N
    +<lib.sh:359 bt.sh:109 bt_end()> echo '1744745144017740927 lib.sh:359 vulnerability-alerts: existing private repo gets alerted to new vulnerability'
    ++<test-vulnerability-alerts.sh:212 lib.sh:360 end_test()> date +%s
    +<test-vulnerability-alerts.sh:212 lib.sh:360 end_test()> after_time=1744745144
    ++<test-vulnerability-alerts.sh:212 lib.sh:361 end_test()> date -u +%T
    +<test-vulnerability-alerts.sh:212 lib.sh:361 end_test()> pretty_after_time=19:25:44
    %%%END FOLD%%%

===FAILURE===
{
  "suite": "vulnerability-alerts",
  "name": "vulnerability-alerts: existing private repo gets alerted to new vulnerability",
  "message": "",
  "location": "test/test-vulnerability-alerts.sh:204",
  "duration": 121.0,
  "fingerprint": "9b64f1558d4198759eaf4e81f1cc4c01",
  "hostname": "codespaces-0a371d"
}
===END FAILURE===
%%%END FOLD%%%
test: vulnerability_alerts: no alerts are displayed after feature is disabled ... ...                      FAILED (19:25:44 -> 19:25:44 : 0s)
%%%FOLD {-- output --}%%%
    begin_test: vulnerability_alerts: no alerts are displayed after feature is disabled
    ++<test-vulnerability-alerts.sh:214 lib.sh:203 begin_test()> date +%s
    +<test-vulnerability-alerts.sh:214 lib.sh:203 begin_test()> before_time=1744745144
    ++<test-vulnerability-alerts.sh:214 lib.sh:204 begin_test()> date -u +%T
    +<test-vulnerability-alerts.sh:214 lib.sh:204 begin_test()> pretty_before_time=19:25:44
    +<test-vulnerability-alerts.sh:214 lib.sh:206 begin_test()> allow_test 'vulnerability_alerts: no alerts are displayed after feature is disabled'
    +<lib.sh:206 lib.sh:143 allow_test()> '[' -z '' ']'
    +<lib.sh:206 lib.sh:143 allow_test()> return 0
    +<test-vulnerability-alerts.sh:216> set -e
    +<test-vulnerability-alerts.sh:217> setup
    +<test-vulnerability-alerts.sh:217 lib.sh:561 setup()> start_fold setup
    +<lib.sh:561 util.sh:586 start_fold()> local FOLD_NAME=setup
    +<lib.sh:561 util.sh:588 start_fold()> '[' -n '' ']'
    %%%FOLD {setup}%%%
    +<test-vulnerability-alerts.sh:217 lib.sh:562 setup()> trap cleanup EXIT
    +<test-vulnerability-alerts.sh:217 lib.sh:563 setup()> trap cleanup INT
    +<test-vulnerability-alerts.sh:217 lib.sh:564 setup()> trap cleanup TERM
    +<test-vulnerability-alerts.sh:217 lib.sh:567 setup()> echo 'setting GIT_SSH wrapper'
    setting GIT_SSH wrapper
    +<test-vulnerability-alerts.sh:217 lib.sh:568 setup()> export GIT_SSH=/workspaces/enterprise2/test/ssh-wrapper.sh
    +<test-vulnerability-alerts.sh:217 lib.sh:568 setup()> GIT_SSH=/workspaces/enterprise2/test/ssh-wrapper.sh
    +<test-vulnerability-alerts.sh:217 lib.sh:569 setup()> export SSH_AUTH_SOCK=
    +<test-vulnerability-alerts.sh:217 lib.sh:569 setup()> SSH_AUTH_SOCK=
    +<test-vulnerability-alerts.sh:217 lib.sh:572 setup()> export TESTKEYPATH=/workspaces/enterprise2/id_test
    +<test-vulnerability-alerts.sh:217 lib.sh:572 setup()> TESTKEYPATH=/workspaces/enterprise2/id_test
    +<test-vulnerability-alerts.sh:217 lib.sh:575 setup()> export HOME=/tmp/enterprise2-Vb4nNE
    +<test-vulnerability-alerts.sh:217 lib.sh:575 setup()> HOME=/tmp/enterprise2-Vb4nNE
    +<test-vulnerability-alerts.sh:217 lib.sh:577 setup()> cd /tmp/enterprise2-Vb4nNE
    +<test-vulnerability-alerts.sh:217 lib.sh:578 setup()> end_fold
    +<lib.sh:578 util.sh:596 end_fold()> '[' -n '' ']'
    %%%END FOLD%%%
    +<test-vulnerability-alerts.sh:218> echo 'REPLACE INTO configuration_entries(target_type,name,value,created_at,updated_at) VALUES("global","ghe_content_analysis","false",NOW(),NOW());'
    +<test-vulnerability-alerts.sh:218> ssh_cmd ghe-dbconsole -y
    +<test-vulnerability-alerts.sh:218 lib.sh:612 ssh_cmd()> INSTANCE_SSH_IP=0
    +<test-vulnerability-alerts.sh:218 lib.sh:613 ssh_cmd()> '[' 0 = 0 ']'
    +<test-vulnerability-alerts.sh:218 lib.sh:614 ssh_cmd()> /workspaces/enterprise2/chroot-ssh.sh ghe-dbconsole -y
    The container build-default is not running
    ++<test-vulnerability-alerts.sh:1> cleanup
    ++<test-vulnerability-alerts.sh:1 lib.sh:555 cleanup()> set +e
    ++<test-vulnerability-alerts.sh:1 lib.sh:557 cleanup()> echo 'Cleaning up'
    Cleaning up
    +<test-vulnerability-alerts.sh:224 lib.sh:356 end_test()> test_status=1
    +<test-vulnerability-alerts.sh:224 lib.sh:357 end_test()> start_fold 'end test'
    +<lib.sh:357 util.sh:586 start_fold()> local 'FOLD_NAME=end test'
    +<lib.sh:357 util.sh:588 start_fold()> '[' -n '' ']'
    %%%FOLD {end test}%%%
    +<test-vulnerability-alerts.sh:224 lib.sh:358 end_test()> ex_fail=0
    +<test-vulnerability-alerts.sh:224 lib.sh:359 end_test()> bt_end 'vulnerability_alerts: no alerts are displayed after feature is disabled'
    +<lib.sh:359 bt.sh:106 bt_end()> '[' -z '' -o '' = 0 ']'
    ++<lib.sh:359 bt.sh:107 bt_end()> basename /workspaces/enterprise2/test/lib.sh
    +<lib.sh:359 bt.sh:107 bt_end()> local caller=lib.sh:359
    ++<lib.sh:359 bt.sh:108 bt_end()> echo 'vulnerability_alerts: no alerts are displayed after feature is disabled' 65252
    ++<lib.sh:359 bt.sh:108 bt_end()> cksum
    ++<lib.sh:359 bt.sh:108 bt_end()> awk '{print $1}'
    +<lib.sh:359 bt.sh:108 bt_end()> local desc_checksum=1649058506
    ++<lib.sh:359 bt.sh:109 bt_end()> date +%s%N
    +<lib.sh:359 bt.sh:109 bt_end()> echo '1744745144197759340 lib.sh:359 vulnerability_alerts: no alerts are displayed after feature is disabled'
    ++<test-vulnerability-alerts.sh:224 lib.sh:360 end_test()> date +%s
    +<test-vulnerability-alerts.sh:224 lib.sh:360 end_test()> after_time=1744745144
    ++<test-vulnerability-alerts.sh:224 lib.sh:361 end_test()> date -u +%T
    +<test-vulnerability-alerts.sh:224 lib.sh:361 end_test()> pretty_after_time=19:25:44
    %%%END FOLD%%%

===FAILURE===
{
  "suite": "vulnerability-alerts",
  "name": "vulnerability_alerts: no alerts are displayed after feature is disabled",
  "message": "",
  "location": "test/test-vulnerability-alerts.sh:214",
  "duration": 0.0,
  "fingerprint": "0e3d067b8614e5567ed75cfdcfdec7a1",
  "hostname": "codespaces-0a371d"
}
===END FAILURE===
%%%END FOLD%%%

Build Trace Start (lib.sh:71)

               * CPU Utilization
[  721.568s ] |------------------------------------------------------------------------------| * test/test-vulnerability-alerts.sh
[  102.916s ]  |---------|                                                                     * vulnerability-alerts: repos have dependency graph links
[  182.444s ]             |------------------|                                                 * vulnerability-alerts: new vulnerable private repo gets alerted
[  182.388s ]                                  |------------------|                            * vulnerability-alerts: new vulnerable public repo gets alerted
[  120.334s ]                                                      |-----------|               * vulnerability-alerts: existing public repo gets alerted to new vulnerability
[  120.189s ]                                                                   |------------| * vulnerability-alerts: existing private repo gets alerted to new vulnerability

     one '.' unit is less than:    9.019s
                    total time:  721.579s

Build Trace End (lib.sh:71)
